This file contains any messages produced by compilers while
running configure, to aid debugging if configure makes a mistake.

It was created by libserialport configure 0.1.1, which was
generated by GNU Autoconf 2.69.  Invocation command line was

  $ /home/reu-actor/actor_ws/build/libserialport_catkin/libserialport-prefix/src/libserialport/configure --prefix=/home/reu-actor/actor_ws/devel/.private/libserialport_catkin

## --------- ##
## Platform. ##
## --------- ##

hostname = ACTOR2
uname -m = x86_64
uname -r = 5.15.0-107-generic
uname -s = Linux
uname -v = #117~20.04.1-Ubuntu SMP Tue Apr 30 10:35:57 UTC 2024

/usr/bin/uname -p = x86_64
/bin/uname -X     = unknown

/bin/arch              = x86_64
/usr/bin/arch -k       = unknown
/usr/convex/getsysinfo = unknown
/usr/bin/hostinfo      = unknown
/bin/machine           = unknown
/usr/bin/oslevel       = unknown
/bin/universe          = unknown

PATH: /home/reu-actor/actor_ws/devel/bin
PATH: /opt/ros/noetic/bin
PATH: /usr/local/sbin
PATH: /usr/local/bin
PATH: /usr/sbin
PATH: /usr/bin
PATH: /sbin
PATH: /bin
PATH: /usr/games
PATH: /usr/local/games
PATH: /snap/bin


## ----------- ##
## Core tests. ##
## ----------- ##

configure:2444: checking for a BSD-compatible install
configure:2512: result: /usr/bin/install -c
configure:2523: checking whether build environment is sane
configure:2578: result: yes
configure:2727: checking for a thread-safe mkdir -p
configure:2766: result: /usr/bin/mkdir -p
configure:2773: checking for gawk
configure:2803: result: no
configure:2773: checking for mawk
configure:2789: found /usr/bin/mawk
configure:2800: result: mawk
configure:2811: checking whether make sets $(MAKE)
configure:2833: result: yes
configure:2862: checking whether make supports nested variables
configure:2879: result: yes
configure:3007: checking whether make supports nested variables
configure:3024: result: yes
configure:3039: checking whether make supports the include directive
configure:3054: make -f confmf.GNU && cat confinc.out
make[3]: Entering directory '/home/reu-actor/actor_ws/build/libserialport_catkin/libserialport-prefix/src/libserialport-build'
make[3]: Leaving directory '/home/reu-actor/actor_ws/build/libserialport_catkin/libserialport-prefix/src/libserialport-build'
this is the am__doit target
configure:3057: $? = 0
configure:3076: result: yes (GNU style)
configure:3146: checking for gcc
configure:3162: found /usr/bin/gcc
configure:3173: result: gcc
configure:3402: checking for C compiler version
configure:3411: gcc --version >&5
gcc (Ubuntu 9.4.0-1ubuntu1~20.04.2) 9.4.0
Copyright (C) 2019 Free Software Foundation, Inc.
This is free software; see the source for copying conditions.  There is NO
warranty; not even for MERCHANTABILITY or FITNESS FOR A PARTICULAR PURPOSE.

configure:3422: $? = 0
configure:3411: gcc -v >&5
Using built-in specs.
COLLECT_GCC=gcc
COLLECT_LTO_WRAPPER=/usr/lib/gcc/x86_64-linux-gnu/9/lto-wrapper
OFFLOAD_TARGET_NAMES=nvptx-none:hsa
OFFLOAD_TARGET_DEFAULT=1
Target: x86_64-linux-gnu
Configured with: ../src/configure -v --with-pkgversion='Ubuntu 9.4.0-1ubuntu1~20.04.2' --with-bugurl=file:///usr/share/doc/gcc-9/README.Bugs --enable-languages=c,ada,c++,go,brig,d,fortran,objc,obj-c++,gm2 --prefix=/usr --with-gcc-major-version-only --program-suffix=-9 --program-prefix=x86_64-linux-gnu- --enable-shared --enable-linker-build-id --libexecdir=/usr/lib --without-included-gettext --enable-threads=posix --libdir=/usr/lib --enable-nls --enable-clocale=gnu --enable-libstdcxx-debug --enable-libstdcxx-time=yes --with-default-libstdcxx-abi=new --enable-gnu-unique-object --disable-vtable-verify --enable-plugin --enable-default-pie --with-system-zlib --with-target-system-zlib=auto --enable-objc-gc=auto --enable-multiarch --disable-werror --with-arch-32=i686 --with-abi=m64 --with-multilib-list=m32,m64,mx32 --enable-multilib --with-tune=generic --enable-offload-targets=nvptx-none=/build/gcc-9-9QDOt0/gcc-9-9.4.0/debian/tmp-nvptx/usr,hsa --without-cuda-driver --enable-checking=release --build=x86_64-linux-gnu --host=x86_64-linux-gnu --target=x86_64-linux-gnu
Thread model: posix
gcc version 9.4.0 (Ubuntu 9.4.0-1ubuntu1~20.04.2) 
configure:3422: $? = 0
configure:3411: gcc -V >&5
gcc: error: unrecognized command line option '-V'
gcc: fatal error: no input files
compilation terminated.
configure:3422: $? = 1
configure:3411: gcc -qversion >&5
gcc: error: unrecognized command line option '-qversion'; did you mean '--version'?
gcc: fatal error: no input files
compilation terminated.
configure:3422: $? = 1
configure:3442: checking whether the C compiler works
configure:3464: gcc    conftest.c  >&5
configure:3468: $? = 0
configure:3516: result: yes
configure:3519: checking for C compiler default output file name
configure:3521: result: a.out
configure:3527: checking for suffix of executables
configure:3534: gcc -o conftest    conftest.c  >&5
configure:3538: $? = 0
configure:3560: result: 
configure:3582: checking whether we are cross compiling
configure:3590: gcc -o conftest    conftest.c  >&5
configure:3594: $? = 0
configure:3601: ./conftest
configure:3605: $? = 0
configure:3593: result: no
configure:3598: checking for suffix of object files
configure:3620: gcc -c   conftest.c >&5
configure:3624: $? = 0
configure:3645: result: o
configure:3649: checking whether we are using the GNU C compiler
configure:3668: gcc -c   conftest.c >&5
configure:3668: $? = 0
configure:3677: result: yes
configure:3686: checking whether gcc accepts -g
configure:3706: gcc -c -g  conftest.c >&5
configure:3706: $? = 0
configure:3747: result: yes
configure:3764: checking for gcc option to accept ISO C89
configure:3827: gcc  -c -g -O2  conftest.c >&5
configure:3827: $? = 0
configure:3840: result: none needed
configure:3865: checking whether gcc understands -c and -o together
configure:3887: gcc -c conftest.c -o conftest2.o
configure:3890: $? = 0
configure:3887: gcc -c conftest.c -o conftest2.o
configure:3890: $? = 0
configure:3902: result: yes
configure:3921: checking dependency style of gcc
configure:4032: result: gcc3
configure:4097: checking for ar
configure:4113: found /usr/bin/ar
configure:4124: result: ar
configure:4150: checking the archiver (ar) interface
configure:4166: gcc -c -g -O2  conftest.c >&5
configure:4166: $? = 0
configure:4168: ar cru libconftest.a conftest.o >&5
ar: `u' modifier ignored since `D' is the default (see `U')
configure:4171: $? = 0
configure:4170: result: ar
configure:4240: checking for gcc
configure:4267: result: gcc
configure:4496: checking for C compiler version
configure:4505: gcc --version >&5
gcc (Ubuntu 9.4.0-1ubuntu1~20.04.2) 9.4.0
Copyright (C) 2019 Free Software Foundation, Inc.
This is free software; see the source for copying conditions.  There is NO
warranty; not even for MERCHANTABILITY or FITNESS FOR A PARTICULAR PURPOSE.

configure:4516: $? = 0
configure:4505: gcc -v >&5
Using built-in specs.
COLLECT_GCC=gcc
COLLECT_LTO_WRAPPER=/usr/lib/gcc/x86_64-linux-gnu/9/lto-wrapper
OFFLOAD_TARGET_NAMES=nvptx-none:hsa
OFFLOAD_TARGET_DEFAULT=1
Target: x86_64-linux-gnu
Configured with: ../src/configure -v --with-pkgversion='Ubuntu 9.4.0-1ubuntu1~20.04.2' --with-bugurl=file:///usr/share/doc/gcc-9/README.Bugs --enable-languages=c,ada,c++,go,brig,d,fortran,objc,obj-c++,gm2 --prefix=/usr --with-gcc-major-version-only --program-suffix=-9 --program-prefix=x86_64-linux-gnu- --enable-shared --enable-linker-build-id --libexecdir=/usr/lib --without-included-gettext --enable-threads=posix --libdir=/usr/lib --enable-nls --enable-clocale=gnu --enable-libstdcxx-debug --enable-libstdcxx-time=yes --with-default-libstdcxx-abi=new --enable-gnu-unique-object --disable-vtable-verify --enable-plugin --enable-default-pie --with-system-zlib --with-target-system-zlib=auto --enable-objc-gc=auto --enable-multiarch --disable-werror --with-arch-32=i686 --with-abi=m64 --with-multilib-list=m32,m64,mx32 --enable-multilib --with-tune=generic --enable-offload-targets=nvptx-none=/build/gcc-9-9QDOt0/gcc-9-9.4.0/debian/tmp-nvptx/usr,hsa --without-cuda-driver --enable-checking=release --build=x86_64-linux-gnu --host=x86_64-linux-gnu --target=x86_64-linux-gnu
Thread model: posix
gcc version 9.4.0 (Ubuntu 9.4.0-1ubuntu1~20.04.2) 
configure:4516: $? = 0
configure:4505: gcc -V >&5
gcc: error: unrecognized command line option '-V'
gcc: fatal error: no input files
compilation terminated.
configure:4516: $? = 1
configure:4505: gcc -qversion >&5
gcc: error: unrecognized command line option '-qversion'; did you mean '--version'?
gcc: fatal error: no input files
compilation terminated.
configure:4516: $? = 1
configure:4520: checking whether we are using the GNU C compiler
configure:4548: result: yes
configure:4557: checking whether gcc accepts -g
configure:4618: result: yes
configure:4635: checking for gcc option to accept ISO C89
configure:4711: result: none needed
configure:4736: checking whether gcc understands -c and -o together
configure:4773: result: yes
configure:4792: checking dependency style of gcc
configure:4903: result: gcc3
configure:4919: checking whether ln -s works
configure:4923: result: yes
configure:4973: checking build system type
configure:4987: result: x86_64-pc-linux-gnu
configure:5007: checking host system type
configure:5020: result: x86_64-pc-linux-gnu
configure:5061: checking how to print strings
configure:5088: result: printf
configure:5109: checking for a sed that does not truncate output
configure:5173: result: /usr/bin/sed
configure:5191: checking for grep that handles long lines and -e
configure:5249: result: /usr/bin/grep
configure:5254: checking for egrep
configure:5316: result: /usr/bin/grep -E
configure:5321: checking for fgrep
configure:5383: result: /usr/bin/grep -F
configure:5418: checking for ld used by gcc
configure:5485: result: /usr/bin/ld
configure:5492: checking if the linker (/usr/bin/ld) is GNU ld
configure:5507: result: yes
configure:5519: checking for BSD- or MS-compatible name lister (nm)
configure:5573: result: /usr/bin/nm -B
configure:5703: checking the name lister (/usr/bin/nm -B) interface
configure:5710: gcc -c -g -O2  conftest.c >&5
configure:5713: /usr/bin/nm -B "conftest.o"
configure:5716: output
0000000000000000 B some_variable
configure:5717: result: BSD nm
configure:5721: checking the maximum length of command line arguments
configure:5852: result: 1572864
configure:5900: checking how to convert x86_64-pc-linux-gnu file names to x86_64-pc-linux-gnu format
configure:5940: result: func_convert_file_noop
configure:5947: checking how to convert x86_64-pc-linux-gnu file names to toolchain format
configure:5967: result: func_convert_file_noop
configure:5974: checking for /usr/bin/ld option to reload object files
configure:5981: result: -r
configure:6055: checking for objdump
configure:6071: found /usr/bin/objdump
configure:6082: result: objdump
configure:6114: checking how to recognize dependent libraries
configure:6314: result: pass_all
configure:6399: checking for dlltool
configure:6429: result: no
configure:6459: checking how to associate runtime and link libraries
configure:6486: result: printf %s\n
configure:6610: checking for archiver @FILE support
configure:6627: gcc -c -g -O2  conftest.c >&5
configure:6627: $? = 0
configure:6630: ar cr libconftest.a @conftest.lst >&5
configure:6633: $? = 0
configure:6638: ar cr libconftest.a @conftest.lst >&5
ar: conftest.o: No such file or directory
configure:6641: $? = 1
configure:6640: result: @
configure:6698: checking for strip
configure:6714: found /usr/bin/strip
configure:6725: result: strip
configure:6797: checking for ranlib
configure:6813: found /usr/bin/ranlib
configure:6824: result: ranlib
configure:6926: checking command to parse /usr/bin/nm -B output from gcc object
configure:7079: gcc -c -g -O2  conftest.c >&5
configure:7082: $? = 0
configure:7086: /usr/bin/nm -B conftest.o | sed -n -e 's/^.*[	 ]\([ABCDGIRSTW][ABCDGIRSTW]*\)[	 ][	 ]*\([_A-Za-z][_A-Za-z0-9]*\)$/\1 \2 \2/p' | sed '/ __gnu_lto/d' > conftest.nm
configure:7152: gcc -o conftest -g -O2   conftest.c conftstm.o >&5
configure:7155: $? = 0
configure:7193: result: ok
configure:7240: checking for sysroot
configure:7270: result: no
configure:7277: checking for a working dd
configure:7315: result: /usr/bin/dd
configure:7319: checking how to truncate binary pipes
configure:7334: result: /usr/bin/dd bs=4096 count=1
configure:7470: gcc -c -g -O2  conftest.c >&5
configure:7473: $? = 0
configure:7663: checking for mt
configure:7679: found /usr/bin/mt
configure:7690: result: mt
configure:7713: checking if mt is a manifest tool
configure:7719: mt '-?'
configure:7727: result: no
configure:8404: checking how to run the C preprocessor
configure:8435: gcc -E  conftest.c
configure:8435: $? = 0
configure:8449: gcc -E  conftest.c
conftest.c:9:10: fatal error: ac_nonexistent.h: No such file or directory
    9 | #include <ac_nonexistent.h>
      |          ^~~~~~~~~~~~~~~~~~
compilation terminated.
configure:8449: $? = 1
configure: failed program was:
| /* confdefs.h */
| #define PACKAGE_NAME "libserialport"
| #define PACKAGE_TARNAME "libserialport"
| #define PACKAGE_VERSION "0.1.1"
| #define PACKAGE_STRING "libserialport 0.1.1"
| #define PACKAGE_BUGREPORT "martin-libserialport@earth.li"
| #define PACKAGE_URL "http://sigrok.org/wiki/Libserialport"
| /* end confdefs.h.  */
| #include <ac_nonexistent.h>
configure:8474: result: gcc -E
configure:8494: gcc -E  conftest.c
configure:8494: $? = 0
configure:8508: gcc -E  conftest.c
conftest.c:9:10: fatal error: ac_nonexistent.h: No such file or directory
    9 | #include <ac_nonexistent.h>
      |          ^~~~~~~~~~~~~~~~~~
compilation terminated.
configure:8508: $? = 1
configure: failed program was:
| /* confdefs.h */
| #define PACKAGE_NAME "libserialport"
| #define PACKAGE_TARNAME "libserialport"
| #define PACKAGE_VERSION "0.1.1"
| #define PACKAGE_STRING "libserialport 0.1.1"
| #define PACKAGE_BUGREPORT "martin-libserialport@earth.li"
| #define PACKAGE_URL "http://sigrok.org/wiki/Libserialport"
| /* end confdefs.h.  */
| #include <ac_nonexistent.h>
configure:8537: checking for ANSI C header files
configure:8557: gcc -c -g -O2  conftest.c >&5
configure:8557: $? = 0
configure:8630: gcc -o conftest -g -O2   conftest.c  >&5
configure:8630: $? = 0
configure:8630: ./conftest
configure:8630: $? = 0
configure:8641: result: yes
configure:8654: checking for sys/types.h
configure:8654: gcc -c -g -O2  conftest.c >&5
configure:8654: $? = 0
configure:8654: result: yes
configure:8654: checking for sys/stat.h
configure:8654: gcc -c -g -O2  conftest.c >&5
configure:8654: $? = 0
configure:8654: result: yes
configure:8654: checking for stdlib.h
configure:8654: gcc -c -g -O2  conftest.c >&5
configure:8654: $? = 0
configure:8654: result: yes
configure:8654: checking for string.h
configure:8654: gcc -c -g -O2  conftest.c >&5
configure:8654: $? = 0
configure:8654: result: yes
configure:8654: checking for memory.h
configure:8654: gcc -c -g -O2  conftest.c >&5
configure:8654: $? = 0
configure:8654: result: yes
configure:8654: checking for strings.h
configure:8654: gcc -c -g -O2  conftest.c >&5
configure:8654: $? = 0
configure:8654: result: yes
configure:8654: checking for inttypes.h
configure:8654: gcc -c -g -O2  conftest.c >&5
configure:8654: $? = 0
configure:8654: result: yes
configure:8654: checking for stdint.h
configure:8654: gcc -c -g -O2  conftest.c >&5
configure:8654: $? = 0
configure:8654: result: yes
configure:8654: checking for unistd.h
configure:8654: gcc -c -g -O2  conftest.c >&5
configure:8654: $? = 0
configure:8654: result: yes
configure:8668: checking for dlfcn.h
configure:8668: gcc -c -g -O2  conftest.c >&5
configure:8668: $? = 0
configure:8668: result: yes
configure:8924: checking for objdir
configure:8939: result: .libs
configure:9203: checking if gcc supports -fno-rtti -fno-exceptions
configure:9221: gcc -c -g -O2  -fno-rtti -fno-exceptions conftest.c >&5
cc1: warning: command line option '-fno-rtti' is valid for C++/D/ObjC++ but not for C
configure:9225: $? = 0
configure:9238: result: no
configure:9602: checking for gcc option to produce PIC
configure:9609: result: -fPIC -DPIC
configure:9617: checking if gcc PIC flag -fPIC -DPIC works
configure:9635: gcc -c -g -O2  -fPIC -DPIC -DPIC conftest.c >&5
configure:9639: $? = 0
configure:9652: result: yes
configure:9681: checking if gcc static flag -static works
configure:9709: result: yes
configure:9724: checking if gcc supports -c -o file.o
configure:9745: gcc -c -g -O2  -o out/conftest2.o conftest.c >&5
configure:9749: $? = 0
configure:9771: result: yes
configure:9779: checking if gcc supports -c -o file.o
configure:9826: result: yes
configure:9859: checking whether the gcc linker (/usr/bin/ld -m elf_x86_64) supports shared libraries
configure:11122: result: yes
configure:11159: checking whether -lc should be explicitly linked in
configure:11167: gcc -c -g -O2  conftest.c >&5
configure:11170: $? = 0
configure:11185: gcc -shared  -fPIC -DPIC conftest.o  -v -Wl,-soname -Wl,conftest -o conftest 2\>\&1 \| /usr/bin/grep  -lc  \>/dev/null 2\>\&1
configure:11188: $? = 0
configure:11202: result: no
configure:11362: checking dynamic linker characteristics
configure:11943: gcc -o conftest -g -O2   -Wl,-rpath -Wl,/foo conftest.c  >&5
configure:11943: $? = 0
configure:12192: result: GNU/Linux ld.so
configure:12314: checking how to hardcode library paths into programs
configure:12339: result: immediate
configure:12887: checking whether stripping libraries is possible
configure:12892: result: yes
configure:12927: checking if libtool supports shared libraries
configure:12929: result: yes
configure:12932: checking whether to build shared libraries
configure:12957: result: yes
configure:12960: checking whether to build static libraries
configure:12964: result: yes
configure:9903: checking for special C compiler options needed for large files
configure:9948: result: no
configure:9954: checking for _FILE_OFFSET_BITS value needed for large files
configure:9979: gcc -c -g -O2  conftest.c >&5
configure:9979: $? = 0
configure:10011: result: no
configure:10098: checking for size_t
configure:10098: gcc -c -g -O2  conftest.c >&5
configure:10098: $? = 0
configure:10098: gcc -c -g -O2  conftest.c >&5
conftest.c: In function 'main':
conftest.c:65:21: error: expected expression before ')' token
   65 | if (sizeof ((size_t)))
      |                     ^
configure:10098: $? = 1
configure: failed program was:
| /* confdefs.h */
| #define PACKAGE_NAME "libserialport"
| #define PACKAGE_TARNAME "libserialport"
| #define PACKAGE_VERSION "0.1.1"
| #define PACKAGE_STRING "libserialport 0.1.1"
| #define PACKAGE_BUGREPORT "martin-libserialport@earth.li"
| #define PACKAGE_URL "http://sigrok.org/wiki/Libserialport"
| #define STDC_HEADERS 1
| #define HAVE_SYS_TYPES_H 1
| #define HAVE_SYS_STAT_H 1
| #define HAVE_STDLIB_H 1
| #define HAVE_STRING_H 1
| #define HAVE_MEMORY_H 1
| #define HAVE_STRINGS_H 1
| #define HAVE_INTTYPES_H 1
| #define HAVE_STDINT_H 1
| #define HAVE_UNISTD_H 1
| #define HAVE_DLFCN_H 1
| #define LT_OBJDIR ".libs/"
| #define SP_PACKAGE_VERSION_MAJOR 0
| #define SP_PACKAGE_VERSION_MINOR 1
| #define SP_PACKAGE_VERSION_MICRO 1
| #define SP_PACKAGE_VERSION_STRING "0.1.1"
| #define SP_LIB_VERSION_CURRENT 1
| #define SP_LIB_VERSION_REVISION 0
| #define SP_LIB_VERSION_AGE 1
| #define SP_LIB_VERSION_STRING "1:0:1"
| /* end confdefs.h.  */
| #include <stdio.h>
| #ifdef HAVE_SYS_TYPES_H
| # include <sys/types.h>
| #endif
| #ifdef HAVE_SYS_STAT_H
| # include <sys/stat.h>
| #endif
| #ifdef STDC_HEADERS
| # include <stdlib.h>
| # include <stddef.h>
| #else
| # ifdef HAVE_STDLIB_H
| #  include <stdlib.h>
| # endif
| #endif
| #ifdef HAVE_STRING_H
| # if !defined STDC_HEADERS && defined HAVE_MEMORY_H
| #  include <memory.h>
| # endif
| # include <string.h>
| #endif
| #ifdef HAVE_STRINGS_H
| # include <strings.h>
| #endif
| #ifdef HAVE_INTTYPES_H
| # include <inttypes.h>
| #endif
| #ifdef HAVE_STDINT_H
| # include <stdint.h>
| #endif
| #ifdef HAVE_UNISTD_H
| # include <unistd.h>
| #endif
| int
| main ()
| {
| if (sizeof ((size_t)))
| 	    return 0;
|   ;
|   return 0;
| }
configure:10098: result: yes
configure:10111: checking for struct termios2
configure:10111: gcc -c -g -O2  conftest.c >&5
configure:10111: $? = 0
configure:10111: gcc -c -g -O2  conftest.c >&5
conftest.c: In function 'main':
conftest.c:34:30: error: expected expression before ')' token
   34 | if (sizeof ((struct termios2)))
      |                              ^
configure:10111: $? = 1
configure: failed program was:
| /* confdefs.h */
| #define PACKAGE_NAME "libserialport"
| #define PACKAGE_TARNAME "libserialport"
| #define PACKAGE_VERSION "0.1.1"
| #define PACKAGE_STRING "libserialport 0.1.1"
| #define PACKAGE_BUGREPORT "martin-libserialport@earth.li"
| #define PACKAGE_URL "http://sigrok.org/wiki/Libserialport"
| #define STDC_HEADERS 1
| #define HAVE_SYS_TYPES_H 1
| #define HAVE_SYS_STAT_H 1
| #define HAVE_STDLIB_H 1
| #define HAVE_STRING_H 1
| #define HAVE_MEMORY_H 1
| #define HAVE_STRINGS_H 1
| #define HAVE_INTTYPES_H 1
| #define HAVE_STDINT_H 1
| #define HAVE_UNISTD_H 1
| #define HAVE_DLFCN_H 1
| #define LT_OBJDIR ".libs/"
| #define SP_PACKAGE_VERSION_MAJOR 0
| #define SP_PACKAGE_VERSION_MINOR 1
| #define SP_PACKAGE_VERSION_MICRO 1
| #define SP_PACKAGE_VERSION_STRING "0.1.1"
| #define SP_LIB_VERSION_CURRENT 1
| #define SP_LIB_VERSION_REVISION 0
| #define SP_LIB_VERSION_AGE 1
| #define SP_LIB_VERSION_STRING "1:0:1"
| /* end confdefs.h.  */
| #include <linux/termios.h>
| 
| int
| main ()
| {
| if (sizeof ((struct termios2)))
| 	    return 0;
|   ;
|   return 0;
| }
configure:10111: result: yes
configure:10122: checking for struct termios.c_ispeed
configure:10122: gcc -c -g -O2  conftest.c >&5
conftest.c: In function 'main':
conftest.c:36:12: error: 'struct termios' has no member named 'c_ispeed'
   36 | if (ac_aggr.c_ispeed)
      |            ^
configure:10122: $? = 1
configure: failed program was:
| /* confdefs.h */
| #define PACKAGE_NAME "libserialport"
| #define PACKAGE_TARNAME "libserialport"
| #define PACKAGE_VERSION "0.1.1"
| #define PACKAGE_STRING "libserialport 0.1.1"
| #define PACKAGE_BUGREPORT "martin-libserialport@earth.li"
| #define PACKAGE_URL "http://sigrok.org/wiki/Libserialport"
| #define STDC_HEADERS 1
| #define HAVE_SYS_TYPES_H 1
| #define HAVE_SYS_STAT_H 1
| #define HAVE_STDLIB_H 1
| #define HAVE_STRING_H 1
| #define HAVE_MEMORY_H 1
| #define HAVE_STRINGS_H 1
| #define HAVE_INTTYPES_H 1
| #define HAVE_STDINT_H 1
| #define HAVE_UNISTD_H 1
| #define HAVE_DLFCN_H 1
| #define LT_OBJDIR ".libs/"
| #define SP_PACKAGE_VERSION_MAJOR 0
| #define SP_PACKAGE_VERSION_MINOR 1
| #define SP_PACKAGE_VERSION_MICRO 1
| #define SP_PACKAGE_VERSION_STRING "0.1.1"
| #define SP_LIB_VERSION_CURRENT 1
| #define SP_LIB_VERSION_REVISION 0
| #define SP_LIB_VERSION_AGE 1
| #define SP_LIB_VERSION_STRING "1:0:1"
| #define HAVE_STRUCT_TERMIOS2 1
| /* end confdefs.h.  */
| #include <linux/termios.h>
| 
| int
| main ()
| {
| static struct termios ac_aggr;
| if (ac_aggr.c_ispeed)
| return 0;
|   ;
|   return 0;
| }
configure:10122: gcc -c -g -O2  conftest.c >&5
conftest.c: In function 'main':
conftest.c:36:19: error: 'struct termios' has no member named 'c_ispeed'
   36 | if (sizeof ac_aggr.c_ispeed)
      |                   ^
configure:10122: $? = 1
configure: failed program was:
| /* confdefs.h */
| #define PACKAGE_NAME "libserialport"
| #define PACKAGE_TARNAME "libserialport"
| #define PACKAGE_VERSION "0.1.1"
| #define PACKAGE_STRING "libserialport 0.1.1"
| #define PACKAGE_BUGREPORT "martin-libserialport@earth.li"
| #define PACKAGE_URL "http://sigrok.org/wiki/Libserialport"
| #define STDC_HEADERS 1
| #define HAVE_SYS_TYPES_H 1
| #define HAVE_SYS_STAT_H 1
| #define HAVE_STDLIB_H 1
| #define HAVE_STRING_H 1
| #define HAVE_MEMORY_H 1
| #define HAVE_STRINGS_H 1
| #define HAVE_INTTYPES_H 1
| #define HAVE_STDINT_H 1
| #define HAVE_UNISTD_H 1
| #define HAVE_DLFCN_H 1
| #define LT_OBJDIR ".libs/"
| #define SP_PACKAGE_VERSION_MAJOR 0
| #define SP_PACKAGE_VERSION_MINOR 1
| #define SP_PACKAGE_VERSION_MICRO 1
| #define SP_PACKAGE_VERSION_STRING "0.1.1"
| #define SP_LIB_VERSION_CURRENT 1
| #define SP_LIB_VERSION_REVISION 0
| #define SP_LIB_VERSION_AGE 1
| #define SP_LIB_VERSION_STRING "1:0:1"
| #define HAVE_STRUCT_TERMIOS2 1
| /* end confdefs.h.  */
| #include <linux/termios.h>
| 
| int
| main ()
| {
| static struct termios ac_aggr;
| if (sizeof ac_aggr.c_ispeed)
| return 0;
|   ;
|   return 0;
| }
configure:10122: result: no
configure:10132: checking for struct termios.c_ospeed
configure:10132: gcc -c -g -O2  conftest.c >&5
conftest.c: In function 'main':
conftest.c:36:12: error: 'struct termios' has no member named 'c_ospeed'
   36 | if (ac_aggr.c_ospeed)
      |            ^
configure:10132: $? = 1
configure: failed program was:
| /* confdefs.h */
| #define PACKAGE_NAME "libserialport"
| #define PACKAGE_TARNAME "libserialport"
| #define PACKAGE_VERSION "0.1.1"
| #define PACKAGE_STRING "libserialport 0.1.1"
| #define PACKAGE_BUGREPORT "martin-libserialport@earth.li"
| #define PACKAGE_URL "http://sigrok.org/wiki/Libserialport"
| #define STDC_HEADERS 1
| #define HAVE_SYS_TYPES_H 1
| #define HAVE_SYS_STAT_H 1
| #define HAVE_STDLIB_H 1
| #define HAVE_STRING_H 1
| #define HAVE_MEMORY_H 1
| #define HAVE_STRINGS_H 1
| #define HAVE_INTTYPES_H 1
| #define HAVE_STDINT_H 1
| #define HAVE_UNISTD_H 1
| #define HAVE_DLFCN_H 1
| #define LT_OBJDIR ".libs/"
| #define SP_PACKAGE_VERSION_MAJOR 0
| #define SP_PACKAGE_VERSION_MINOR 1
| #define SP_PACKAGE_VERSION_MICRO 1
| #define SP_PACKAGE_VERSION_STRING "0.1.1"
| #define SP_LIB_VERSION_CURRENT 1
| #define SP_LIB_VERSION_REVISION 0
| #define SP_LIB_VERSION_AGE 1
| #define SP_LIB_VERSION_STRING "1:0:1"
| #define HAVE_STRUCT_TERMIOS2 1
| /* end confdefs.h.  */
| #include <linux/termios.h>
| 
| int
| main ()
| {
| static struct termios ac_aggr;
| if (ac_aggr.c_ospeed)
| return 0;
|   ;
|   return 0;
| }
configure:10132: gcc -c -g -O2  conftest.c >&5
conftest.c: In function 'main':
conftest.c:36:19: error: 'struct termios' has no member named 'c_ospeed'
   36 | if (sizeof ac_aggr.c_ospeed)
      |                   ^
configure:10132: $? = 1
configure: failed program was:
| /* confdefs.h */
| #define PACKAGE_NAME "libserialport"
| #define PACKAGE_TARNAME "libserialport"
| #define PACKAGE_VERSION "0.1.1"
| #define PACKAGE_STRING "libserialport 0.1.1"
| #define PACKAGE_BUGREPORT "martin-libserialport@earth.li"
| #define PACKAGE_URL "http://sigrok.org/wiki/Libserialport"
| #define STDC_HEADERS 1
| #define HAVE_SYS_TYPES_H 1
| #define HAVE_SYS_STAT_H 1
| #define HAVE_STDLIB_H 1
| #define HAVE_STRING_H 1
| #define HAVE_MEMORY_H 1
| #define HAVE_STRINGS_H 1
| #define HAVE_INTTYPES_H 1
| #define HAVE_STDINT_H 1
| #define HAVE_UNISTD_H 1
| #define HAVE_DLFCN_H 1
| #define LT_OBJDIR ".libs/"
| #define SP_PACKAGE_VERSION_MAJOR 0
| #define SP_PACKAGE_VERSION_MINOR 1
| #define SP_PACKAGE_VERSION_MICRO 1
| #define SP_PACKAGE_VERSION_STRING "0.1.1"
| #define SP_LIB_VERSION_CURRENT 1
| #define SP_LIB_VERSION_REVISION 0
| #define SP_LIB_VERSION_AGE 1
| #define SP_LIB_VERSION_STRING "1:0:1"
| #define HAVE_STRUCT_TERMIOS2 1
| /* end confdefs.h.  */
| #include <linux/termios.h>
| 
| int
| main ()
| {
| static struct termios ac_aggr;
| if (sizeof ac_aggr.c_ospeed)
| return 0;
|   ;
|   return 0;
| }
configure:10132: result: no
configure:10142: checking for struct termios2.c_ispeed
configure:10142: gcc -c -g -O2  conftest.c >&5
configure:10142: $? = 0
configure:10142: result: yes
configure:10152: checking for struct termios2.c_ospeed
configure:10152: gcc -c -g -O2  conftest.c >&5
configure:10152: $? = 0
configure:10152: result: yes
configure:10167: checking whether BOTHER is declared
configure:10167: gcc -c -g -O2  conftest.c >&5
configure:10167: $? = 0
configure:10167: result: yes
configure:10181: checking for struct serial_struct
configure:10181: gcc -c -g -O2  conftest.c >&5
configure:10181: $? = 0
configure:10181: gcc -c -g -O2  conftest.c >&5
conftest.c: In function 'main':
conftest.c:38:35: error: expected expression before ')' token
   38 | if (sizeof ((struct serial_struct)))
      |                                   ^
configure:10181: $? = 1
configure: failed program was:
| /* confdefs.h */
| #define PACKAGE_NAME "libserialport"
| #define PACKAGE_TARNAME "libserialport"
| #define PACKAGE_VERSION "0.1.1"
| #define PACKAGE_STRING "libserialport 0.1.1"
| #define PACKAGE_BUGREPORT "martin-libserialport@earth.li"
| #define PACKAGE_URL "http://sigrok.org/wiki/Libserialport"
| #define STDC_HEADERS 1
| #define HAVE_SYS_TYPES_H 1
| #define HAVE_SYS_STAT_H 1
| #define HAVE_STDLIB_H 1
| #define HAVE_STRING_H 1
| #define HAVE_MEMORY_H 1
| #define HAVE_STRINGS_H 1
| #define HAVE_INTTYPES_H 1
| #define HAVE_STDINT_H 1
| #define HAVE_UNISTD_H 1
| #define HAVE_DLFCN_H 1
| #define LT_OBJDIR ".libs/"
| #define SP_PACKAGE_VERSION_MAJOR 0
| #define SP_PACKAGE_VERSION_MINOR 1
| #define SP_PACKAGE_VERSION_MICRO 1
| #define SP_PACKAGE_VERSION_STRING "0.1.1"
| #define SP_LIB_VERSION_CURRENT 1
| #define SP_LIB_VERSION_REVISION 0
| #define SP_LIB_VERSION_AGE 1
| #define SP_LIB_VERSION_STRING "1:0:1"
| #define HAVE_STRUCT_TERMIOS2 1
| #define HAVE_STRUCT_TERMIOS2_C_ISPEED 1
| #define HAVE_STRUCT_TERMIOS2_C_OSPEED 1
| #define HAVE_DECL_BOTHER 1
| /* end confdefs.h.  */
| #include <linux/serial.h>
| 
| int
| main ()
| {
| if (sizeof ((struct serial_struct)))
| 	    return 0;
|   ;
|   return 0;
| }
configure:10181: result: yes
configure:10194: checking for realpath
configure:10194: gcc -o conftest -g -O2   conftest.c  >&5
configure:10194: $? = 0
configure:10194: result: yes
configure:10203: checking sys/file.h usability
configure:10203: gcc -c -g -O2  conftest.c >&5
configure:10203: $? = 0
configure:10203: result: yes
configure:10203: checking sys/file.h presence
configure:10203: gcc -E  conftest.c
configure:10203: $? = 0
configure:10203: result: yes
configure:10203: checking for sys/file.h
configure:10203: result: yes
configure:10211: checking for flock
configure:10211: gcc -o conftest -g -O2   conftest.c  >&5
configure:10211: $? = 0
configure:10211: result: yes
configure:10220: checking for clock_gettime
configure:10220: gcc -o conftest -g -O2   conftest.c  >&5
configure:10220: $? = 0
configure:10220: result: yes
configure:10228: checking for visibility control
configure:10240: gcc -c -g -O2 -Werror  conftest.c >&5
configure:10240: $? = 0
configure:10258: result: attribute
configure:10384: checking that generated files are newer than configure
configure:10390: result: done
configure:10433: creating ./config.status

## ---------------------- ##
## Running config.status. ##
## ---------------------- ##

This file was extended by libserialport config.status 0.1.1, which was
generated by GNU Autoconf 2.69.  Invocation command line was

  CONFIG_FILES    = 
  CONFIG_HEADERS  = 
  CONFIG_LINKS    = 
  CONFIG_COMMANDS = 
  $ ./config.status 

on ACTOR2

config.status:1111: creating Makefile
config.status:1111: creating libserialport.pc
config.status:1111: creating config.h
config.status:1325: executing depfiles commands
config.status:1402: cd .       && sed -e '/# am--include-marker/d' Makefile         | make -f - am--depfiles
make[3]: Entering directory '/home/reu-actor/actor_ws/build/libserialport_catkin/libserialport-prefix/src/libserialport-build'
make[3]: Leaving directory '/home/reu-actor/actor_ws/build/libserialport_catkin/libserialport-prefix/src/libserialport-build'
config.status:1407: $? = 0
config.status:1325: executing libtool commands

## ---------------- ##
## Cache variables. ##
## ---------------- ##

ac_cv_build=x86_64-pc-linux-gnu
ac_cv_c_compiler_gnu=yes
ac_cv_env_CC_set=
ac_cv_env_CC_value=
ac_cv_env_CFLAGS_set=
ac_cv_env_CFLAGS_value=
ac_cv_env_CPPFLAGS_set=
ac_cv_env_CPPFLAGS_value=
ac_cv_env_CPP_set=
ac_cv_env_CPP_value=
ac_cv_env_LDFLAGS_set=
ac_cv_env_LDFLAGS_value=
ac_cv_env_LIBS_set=
ac_cv_env_LIBS_value=
ac_cv_env_LT_SYS_LIBRARY_PATH_set=
ac_cv_env_LT_SYS_LIBRARY_PATH_value=
ac_cv_env_build_alias_set=
ac_cv_env_build_alias_value=
ac_cv_env_host_alias_set=
ac_cv_env_host_alias_value=
ac_cv_env_target_alias_set=
ac_cv_env_target_alias_value=
ac_cv_func_clock_gettime=yes
ac_cv_func_flock=yes
ac_cv_func_realpath=yes
ac_cv_have_decl_BOTHER=yes
ac_cv_header_dlfcn_h=yes
ac_cv_header_inttypes_h=yes
ac_cv_header_memory_h=yes
ac_cv_header_stdc=yes
ac_cv_header_stdint_h=yes
ac_cv_header_stdlib_h=yes
ac_cv_header_string_h=yes
ac_cv_header_strings_h=yes
ac_cv_header_sys_file_h=yes
ac_cv_header_sys_stat_h=yes
ac_cv_header_sys_types_h=yes
ac_cv_header_unistd_h=yes
ac_cv_host=x86_64-pc-linux-gnu
ac_cv_member_struct_termios2_c_ispeed=yes
ac_cv_member_struct_termios2_c_ospeed=yes
ac_cv_member_struct_termios_c_ispeed=no
ac_cv_member_struct_termios_c_ospeed=no
ac_cv_objext=o
ac_cv_path_EGREP='/usr/bin/grep -E'
ac_cv_path_FGREP='/usr/bin/grep -F'
ac_cv_path_GREP=/usr/bin/grep
ac_cv_path_SED=/usr/bin/sed
ac_cv_path_install='/usr/bin/install -c'
ac_cv_path_lt_DD=/usr/bin/dd
ac_cv_path_mkdir=/usr/bin/mkdir
ac_cv_prog_AWK=mawk
ac_cv_prog_CPP='gcc -E'
ac_cv_prog_ac_ct_AR=ar
ac_cv_prog_ac_ct_CC=gcc
ac_cv_prog_ac_ct_MANIFEST_TOOL=mt
ac_cv_prog_ac_ct_OBJDUMP=objdump
ac_cv_prog_ac_ct_RANLIB=ranlib
ac_cv_prog_ac_ct_STRIP=strip
ac_cv_prog_cc_c89=
ac_cv_prog_cc_g=yes
ac_cv_prog_make_make_set=yes
ac_cv_sys_file_offset_bits=no
ac_cv_sys_largefile_CC=no
ac_cv_type_size_t=yes
ac_cv_type_struct_serial_struct=yes
ac_cv_type_struct_termios2=yes
am_cv_CC_dependencies_compiler_type=gcc3
am_cv_ar_interface=ar
am_cv_make_support_nested_variables=yes
am_cv_prog_cc_c_o=yes
lt_cv_ar_at_file=@
lt_cv_archive_cmds_need_lc=no
lt_cv_deplibs_check_method=pass_all
lt_cv_file_magic_cmd='$MAGIC_CMD'
lt_cv_file_magic_test_file=
lt_cv_ld_reload_flag=-r
lt_cv_nm_interface='BSD nm'
lt_cv_objdir=.libs
lt_cv_path_LD=/usr/bin/ld
lt_cv_path_NM='/usr/bin/nm -B'
lt_cv_path_mainfest_tool=no
lt_cv_prog_compiler_c_o=yes
lt_cv_prog_compiler_pic='-fPIC -DPIC'
lt_cv_prog_compiler_pic_works=yes
lt_cv_prog_compiler_rtti_exceptions=no
lt_cv_prog_compiler_static_works=yes
lt_cv_prog_gnu_ld=yes
lt_cv_sharedlib_from_linklib_cmd='printf %s\n'
lt_cv_shlibpath_overrides_runpath=yes
lt_cv_sys_global_symbol_pipe='sed -n -e '\''s/^.*[	 ]\([ABCDGIRSTW][ABCDGIRSTW]*\)[	 ][	 ]*\([_A-Za-z][_A-Za-z0-9]*\)$/\1 \2 \2/p'\'' | sed '\''/ __gnu_lto/d'\'''
lt_cv_sys_global_symbol_to_c_name_address='sed -n -e '\''s/^: \(.*\) .*$/  {"\1", (void *) 0},/p'\'' -e '\''s/^[ABCDGIRSTW][ABCDGIRSTW]* .* \(.*\)$/  {"\1", (void *) \&\1},/p'\'''
lt_cv_sys_global_symbol_to_c_name_address_lib_prefix='sed -n -e '\''s/^: \(.*\) .*$/  {"\1", (void *) 0},/p'\'' -e '\''s/^[ABCDGIRSTW][ABCDGIRSTW]* .* \(lib.*\)$/  {"\1", (void *) \&\1},/p'\'' -e '\''s/^[ABCDGIRSTW][ABCDGIRSTW]* .* \(.*\)$/  {"lib\1", (void *) \&\1},/p'\'''
lt_cv_sys_global_symbol_to_cdecl='sed -n -e '\''s/^T .* \(.*\)$/extern int \1();/p'\'' -e '\''s/^[ABCDGIRSTW][ABCDGIRSTW]* .* \(.*\)$/extern char \1;/p'\'''
lt_cv_sys_global_symbol_to_import=
lt_cv_sys_max_cmd_len=1572864
lt_cv_to_host_file_cmd=func_convert_file_noop
lt_cv_to_tool_file_cmd=func_convert_file_noop
lt_cv_truncate_bin='/usr/bin/dd bs=4096 count=1'
sp_cv_visibility_control=attribute

## ----------------- ##
## Output variables. ##
## ----------------- ##

ACLOCAL='${SHELL} /home/reu-actor/actor_ws/build/libserialport_catkin/libserialport-prefix/src/libserialport/autostuff/missing aclocal-1.16'
AMDEPBACKSLASH='\'
AMDEP_FALSE='#'
AMDEP_TRUE=''
AMTAR='$${TAR-tar}'
AM_BACKSLASH='\'
AM_DEFAULT_V='$(AM_DEFAULT_VERBOSITY)'
AM_DEFAULT_VERBOSITY='0'
AM_V='$(V)'
AR='ar'
AUTOCONF='${SHELL} /home/reu-actor/actor_ws/build/libserialport_catkin/libserialport-prefix/src/libserialport/autostuff/missing autoconf'
AUTOHEADER='${SHELL} /home/reu-actor/actor_ws/build/libserialport_catkin/libserialport-prefix/src/libserialport/autostuff/missing autoheader'
AUTOMAKE='${SHELL} /home/reu-actor/actor_ws/build/libserialport_catkin/libserialport-prefix/src/libserialport/autostuff/missing automake-1.16'
AWK='mawk'
CC='gcc'
CCDEPMODE='depmode=gcc3'
CFLAGS='-g -O2'
CPP='gcc -E'
CPPFLAGS=''
CYGPATH_W='echo'
DEFS='-DHAVE_CONFIG_H'
DEPDIR='.deps'
DLLTOOL='false'
DSYMUTIL=''
DUMPBIN=''
ECHO_C=''
ECHO_N='-n'
ECHO_T=''
EGREP='/usr/bin/grep -E'
EXEEXT=''
FGREP='/usr/bin/grep -F'
FREEBSD_FALSE=''
FREEBSD_TRUE='#'
GREP='/usr/bin/grep'
INSTALL_DATA='${INSTALL} -m 644'
INSTALL_PROGRAM='${INSTALL}'
INSTALL_SCRIPT='${INSTALL}'
INSTALL_STRIP_PROGRAM='$(install_sh) -c -s'
LD='/usr/bin/ld -m elf_x86_64'
LDFLAGS=''
LIBOBJS=''
LIBS=''
LIBTOOL='$(SHELL) $(top_builddir)/libtool'
LINUX_FALSE='#'
LINUX_TRUE=''
LIPO=''
LN_S='ln -s'
LTLIBOBJS=''
LT_SYS_LIBRARY_PATH=''
MACOSX_FALSE=''
MACOSX_TRUE='#'
MAKEINFO='${SHELL} /home/reu-actor/actor_ws/build/libserialport_catkin/libserialport-prefix/src/libserialport/autostuff/missing makeinfo'
MANIFEST_TOOL=':'
MKDIR_P='/usr/bin/mkdir -p'
NM='/usr/bin/nm -B'
NMEDIT=''
OBJDUMP='objdump'
OBJEXT='o'
OTOOL64=''
OTOOL=''
PACKAGE='libserialport'
PACKAGE_BUGREPORT='martin-libserialport@earth.li'
PACKAGE_NAME='libserialport'
PACKAGE_STRING='libserialport 0.1.1'
PACKAGE_TARNAME='libserialport'
PACKAGE_URL='http://sigrok.org/wiki/Libserialport'
PACKAGE_VERSION='0.1.1'
PATH_SEPARATOR=':'
RANLIB='ranlib'
SED='/usr/bin/sed'
SET_MAKE=''
SHELL='/bin/bash'
SP_LIBS=''
SP_LIB_VERSION='1:0:1'
SP_PACKAGE_VERSION='0.1.1'
SP_PKGLIBS=''
STRIP='strip'
VERSION='0.1.1'
WIN32_FALSE=''
WIN32_TRUE='#'
ac_ct_AR='ar'
ac_ct_CC='gcc'
ac_ct_DUMPBIN=''
am__EXEEXT_FALSE=''
am__EXEEXT_TRUE='#'
am__fastdepCC_FALSE='#'
am__fastdepCC_TRUE=''
am__include='include'
am__isrc=' -I$(srcdir)'
am__leading_dot='.'
am__nodep='_no'
am__quote=''
am__tar='$${TAR-tar} chof - "$$tardir"'
am__untar='$${TAR-tar} xf -'
bindir='${exec_prefix}/bin'
build='x86_64-pc-linux-gnu'
build_alias=''
build_cpu='x86_64'
build_os='linux-gnu'
build_vendor='pc'
datadir='${datarootdir}'
datarootdir='${prefix}/share'
docdir='${datarootdir}/doc/${PACKAGE_TARNAME}'
dvidir='${docdir}'
exec_prefix='${prefix}'
host='x86_64-pc-linux-gnu'
host_alias=''
host_cpu='x86_64'
host_os='linux-gnu'
host_vendor='pc'
htmldir='${docdir}'
includedir='${prefix}/include'
infodir='${datarootdir}/info'
install_sh='${SHELL} /home/reu-actor/actor_ws/build/libserialport_catkin/libserialport-prefix/src/libserialport/autostuff/install-sh'
libdir='${exec_prefix}/lib'
libexecdir='${exec_prefix}/libexec'
localedir='${datarootdir}/locale'
localstatedir='${prefix}/var'
mandir='${datarootdir}/man'
mkdir_p='$(MKDIR_P)'
oldincludedir='/usr/include'
pdfdir='${docdir}'
prefix='/home/reu-actor/actor_ws/devel/.private/libserialport_catkin'
program_transform_name='s,x,x,'
psdir='${docdir}'
runstatedir='${localstatedir}/run'
sbindir='${exec_prefix}/sbin'
sharedstatedir='${prefix}/com'
sysconfdir='${prefix}/etc'
target_alias=''

## ----------- ##
## confdefs.h. ##
## ----------- ##

/* confdefs.h */
#define PACKAGE_NAME "libserialport"
#define PACKAGE_TARNAME "libserialport"
#define PACKAGE_VERSION "0.1.1"
#define PACKAGE_STRING "libserialport 0.1.1"
#define PACKAGE_BUGREPORT "martin-libserialport@earth.li"
#define PACKAGE_URL "http://sigrok.org/wiki/Libserialport"
#define STDC_HEADERS 1
#define HAVE_SYS_TYPES_H 1
#define HAVE_SYS_STAT_H 1
#define HAVE_STDLIB_H 1
#define HAVE_STRING_H 1
#define HAVE_MEMORY_H 1
#define HAVE_STRINGS_H 1
#define HAVE_INTTYPES_H 1
#define HAVE_STDINT_H 1
#define HAVE_UNISTD_H 1
#define HAVE_DLFCN_H 1
#define LT_OBJDIR ".libs/"
#define SP_PACKAGE_VERSION_MAJOR 0
#define SP_PACKAGE_VERSION_MINOR 1
#define SP_PACKAGE_VERSION_MICRO 1
#define SP_PACKAGE_VERSION_STRING "0.1.1"
#define SP_LIB_VERSION_CURRENT 1
#define SP_LIB_VERSION_REVISION 0
#define SP_LIB_VERSION_AGE 1
#define SP_LIB_VERSION_STRING "1:0:1"
#define HAVE_STRUCT_TERMIOS2 1
#define HAVE_STRUCT_TERMIOS2_C_ISPEED 1
#define HAVE_STRUCT_TERMIOS2_C_OSPEED 1
#define HAVE_DECL_BOTHER 1
#define HAVE_STRUCT_SERIAL_STRUCT 1
#define HAVE_REALPATH 1
#define HAVE_SYS_FILE_H 1
#define HAVE_FLOCK 1
#define HAVE_CLOCK_GETTIME 1
#define SP_API __attribute__((visibility("default")))
#define SP_PRIV __attribute__((visibility("hidden")))

configure: exit 0
