[35m[1mScanning dependencies of target workshop_gencfg[0m
[ 16%] [34m[1mGenerating dynamic reconfigure files from cfg/CrosswalkDynCfg.cfg: /home/reu-actor/actor_ws/devel/.private/workshop/include/workshop/CrosswalkDynCfgConfig.h /home/reu-actor/actor_ws/devel/.private/workshop/lib/python3/dist-packages/workshop/cfg/CrosswalkDynCfgConfig.py[0m
[ 33%] [34m[1mGenerating dynamic reconfigure files from cfg/AutoDriveDynCfg.cfg: /home/reu-actor/actor_ws/devel/.private/workshop/include/workshop/AutoDriveDynCfgConfig.h /home/reu-actor/actor_ws/devel/.private/workshop/lib/python3/dist-packages/workshop/cfg/AutoDriveDynCfgConfig.py[0m
[ 50%] [34m[1mGenerating dynamic reconfigure files from cfg/LineFollowDynCfg.cfg: /home/reu-actor/actor_ws/devel/.private/workshop/include/workshop/LineFollowDynCfgConfig.h /home/reu-actor/actor_ws/devel/.private/workshop/lib/python3/dist-packages/workshop/cfg/LineFollowDynCfgConfig.py[0m
[ 66%] [34m[1mGenerating dynamic reconfigure files from cfg/BarrelDynCfg.cfg: /home/reu-actor/actor_ws/devel/.private/workshop/include/workshop/BarrelDynCfgConfig.h /home/reu-actor/actor_ws/devel/.private/workshop/lib/python3/dist-packages/workshop/cfg/BarrelDynCfgConfig.py[0m
[ 83%] [34m[1mGenerating dynamic reconfigure files from cfg/BarrelLidarDynCfg.cfg: /home/reu-actor/actor_ws/devel/.private/workshop/include/workshop/BarrelLidarDynCfgConfig.h /home/reu-actor/actor_ws/devel/.private/workshop/lib/python3/dist-packages/workshop/cfg/BarrelLidarDynCfgConfig.py[0m
[100%] [34m[1mGenerating dynamic reconfigure files from cfg/LaneCenterDynCfg.cfg: /home/reu-actor/actor_ws/devel/.private/workshop/include/workshop/LaneCenterDynCfgConfig.h /home/reu-actor/actor_ws/devel/.private/workshop/lib/python3/dist-packages/workshop/cfg/LaneCenterDynCfgConfig.py[0m
Generating reconfiguration files for LineFollowDynCfg in workshop
Generating reconfiguration files for CrosswalkDynCfg in workshop
Generating reconfiguration files for BarrelDynCfg in workshop
Generating reconfiguration files for AutoDriveDynCfg in workshop
Generating reconfiguration files for BarrelLidarDynCfg in workshop
Wrote header file in /home/reu-actor/actor_ws/devel/.private/workshop/include/workshop/BarrelDynCfgConfig.h
Wrote header file in /home/reu-actor/actor_ws/devel/.private/workshop/include/workshop/BarrelLidarDynCfgConfig.h
Wrote header file in /home/reu-actor/actor_ws/devel/.private/workshop/include/workshop/AutoDriveDynCfgConfig.h
Wrote header file in /home/reu-actor/actor_ws/devel/.private/workshop/include/workshop/LineFollowDynCfgConfig.h
Wrote header file in /home/reu-actor/actor_ws/devel/.private/workshop/include/workshop/CrosswalkDynCfgConfig.h
Generating reconfiguration files for LaneCenterDynCfg in workshop
Wrote header file in /home/reu-actor/actor_ws/devel/.private/workshop/include/workshop/LaneCenterDynCfgConfig.h
[100%] Built target workshop_gencfg
