Symlinking /home/reu-actor/actor_ws/devel/lib/pkgconfig/workshop.pc
Symlinking /home/reu-actor/actor_ws/devel/lib/python3/dist-packages/workshop/__init__.py
Symlinking /home/reu-actor/actor_ws/devel/lib/python3/dist-packages/workshop/cfg/BarrelDynCfgConfig.py
Symlinking /home/reu-actor/actor_ws/devel/lib/python3/dist-packages/workshop/cfg/CrosswalkDynCfgConfig.py
Symlinking /home/reu-actor/actor_ws/devel/lib/python3/dist-packages/workshop/cfg/LaneCenterDynCfgConfig.py
Symlinking /home/reu-actor/actor_ws/devel/lib/python3/dist-packages/workshop/cfg/__init__.py
Symlinking /home/reu-actor/actor_ws/devel/lib/python3/dist-packages/workshop/cfg/LineFollowDynCfgConfig.py
Symlinking /home/reu-actor/actor_ws/devel/lib/python3/dist-packages/workshop/cfg/BarrelLidarDynCfgConfig.py
Symlinking /home/reu-actor/actor_ws/devel/lib/python3/dist-packages/workshop/cfg/AutoDriveDynCfgConfig.py
Symlinking /home/reu-actor/actor_ws/devel/include/workshop/BarrelDynCfgConfig.h
Symlinking /home/reu-actor/actor_ws/devel/include/workshop/AutoDriveDynCfgConfig.h
Symlinking /home/reu-actor/actor_ws/devel/include/workshop/LaneCenterDynCfgConfig.h
Symlinking /home/reu-actor/actor_ws/devel/include/workshop/CrosswalkDynCfgConfig.h
Symlinking /home/reu-actor/actor_ws/devel/include/workshop/LineFollowDynCfgConfig.h
Symlinking /home/reu-actor/actor_ws/devel/include/workshop/BarrelLidarDynCfgConfig.h
Symlinking /home/reu-actor/actor_ws/devel/share/workshop/docs/CrosswalkDynCfgConfig.dox
Symlinking /home/reu-actor/actor_ws/devel/share/workshop/docs/AutoDriveDynCfgConfig-usage.dox
Symlinking /home/reu-actor/actor_ws/devel/share/workshop/docs/BarrelLidarDynCfgConfig-usage.dox
Symlinking /home/reu-actor/actor_ws/devel/share/workshop/docs/BarrelLidarDynCfgConfig.wikidoc
Symlinking /home/reu-actor/actor_ws/devel/share/workshop/docs/BarrelDynCfgConfig-usage.dox
Symlinking /home/reu-actor/actor_ws/devel/share/workshop/docs/LaneCenterDynCfgConfig.dox
Symlinking /home/reu-actor/actor_ws/devel/share/workshop/docs/BarrelDynCfgConfig.dox
Symlinking /home/reu-actor/actor_ws/devel/share/workshop/docs/CrosswalkDynCfgConfig-usage.dox
Symlinking /home/reu-actor/actor_ws/devel/share/workshop/docs/LineFollowDynCfgConfig.dox
Symlinking /home/reu-actor/actor_ws/devel/share/workshop/docs/LaneCenterDynCfgConfig-usage.dox
Symlinking /home/reu-actor/actor_ws/devel/share/workshop/docs/AutoDriveDynCfgConfig.dox
Symlinking /home/reu-actor/actor_ws/devel/share/workshop/docs/BarrelLidarDynCfgConfig.dox
Symlinking /home/reu-actor/actor_ws/devel/share/workshop/docs/LaneCenterDynCfgConfig.wikidoc
Symlinking /home/reu-actor/actor_ws/devel/share/workshop/docs/LineFollowDynCfgConfig-usage.dox
Symlinking /home/reu-actor/actor_ws/devel/share/workshop/docs/AutoDriveDynCfgConfig.wikidoc
Symlinking /home/reu-actor/actor_ws/devel/share/workshop/docs/CrosswalkDynCfgConfig.wikidoc
Symlinking /home/reu-actor/actor_ws/devel/share/workshop/docs/LineFollowDynCfgConfig.wikidoc
Symlinking /home/reu-actor/actor_ws/devel/share/workshop/docs/BarrelDynCfgConfig.wikidoc
Symlinking /home/reu-actor/actor_ws/devel/share/workshop/cmake/workshopConfig-version.cmake
Symlinking /home/reu-actor/actor_ws/devel/share/workshop/cmake/workshopConfig.cmake
