[35m[1mScanning dependencies of target _piksi_rtk_msgs_generate_messages_check_deps_Observation[0m
[35m[1mScanning dependencies of target _piksi_rtk_msgs_generate_messages_check_deps_PositionWithCovariance[0m
[35m[1mScanning dependencies of target _piksi_rtk_msgs_generate_messages_check_deps_VelEcef[0m
[35m[1mScanning dependencies of target _piksi_rtk_msgs_generate_messages_check_deps_BaselineHeading[0m
[35m[1mScanning dependencies of target _piksi_rtk_msgs_generate_messages_check_deps_BaselineNed[0m
[35m[1mScanning dependencies of target _piksi_rtk_msgs_generate_messages_check_deps_SettingsReadResp[0m
[35m[1mScanning dependencies of target _piksi_rtk_msgs_generate_messages_check_deps_BaselineEcef[0m
[35m[1mScanning dependencies of target _piksi_rtk_msgs_generate_messages_check_deps_VelocityWithCovariance[0m
[35m[1mScanning dependencies of target _piksi_rtk_msgs_generate_messages_check_deps_TrackingState[0m
[35m[1mScanning dependencies of target _piksi_rtk_msgs_generate_messages_check_deps_SettingsReadReq[0m
[35m[1mScanning dependencies of target _piksi_rtk_msgs_generate_messages_check_deps_SamplePosition[0m
[35m[1mScanning dependencies of target _piksi_rtk_msgs_generate_messages_check_deps_VelNedCov[0m
[35m[1mScanning dependencies of target _piksi_rtk_msgs_generate_messages_check_deps_VelocityWithCovarianceStamped[0m
[35m[1mScanning dependencies of target _piksi_rtk_msgs_generate_messages_check_deps_VelNed[0m
[35m[1mScanning dependencies of target _piksi_rtk_msgs_generate_messages_check_deps_SettingsWrite[0m
[  0%] Built target _piksi_rtk_msgs_generate_messages_check_deps_PositionWithCovariance
[  0%] Built target _piksi_rtk_msgs_generate_messages_check_deps_VelEcef
[  0%] Built target _piksi_rtk_msgs_generate_messages_check_deps_BaselineNed
[  0%] Built target _piksi_rtk_msgs_generate_messages_check_deps_TrackingState
[  0%] Built target _piksi_rtk_msgs_generate_messages_check_deps_Observation
[  0%] Built target _piksi_rtk_msgs_generate_messages_check_deps_BaselineEcef
[  0%] Built target _piksi_rtk_msgs_generate_messages_check_deps_SettingsReadReq
[  0%] Built target _piksi_rtk_msgs_generate_messages_check_deps_SettingsReadResp
[  0%] Built target _piksi_rtk_msgs_generate_messages_check_deps_SettingsWrite
[35m[1mScanning dependencies of target _piksi_rtk_msgs_generate_messages_check_deps_UartState_V2_3_15[0m
[  0%] Built target _piksi_rtk_msgs_generate_messages_check_deps_BaselineHeading
[  0%] Built target _piksi_rtk_msgs_generate_messages_check_deps_VelNedCov
[  0%] Built target _piksi_rtk_msgs_generate_messages_check_deps_SamplePosition
[35m[1mScanning dependencies of target _piksi_rtk_msgs_generate_messages_check_deps_UartState[0m
[35m[1mScanning dependencies of target _piksi_rtk_msgs_generate_messages_check_deps_ImuAuxMulti[0m
[35m[1mScanning dependencies of target _piksi_rtk_msgs_generate_messages_check_deps_BasePosLlh[0m
[35m[1mScanning dependencies of target _piksi_rtk_msgs_generate_messages_check_deps_ReceiverState_V2_6_5[0m
[  0%] Built target _piksi_rtk_msgs_generate_messages_check_deps_VelocityWithCovariance
[35m[1mScanning dependencies of target _piksi_rtk_msgs_generate_messages_check_deps_PosEcef[0m
[35m[1mScanning dependencies of target std_msgs_generate_messages_cpp[0m
[35m[1mScanning dependencies of target _piksi_rtk_msgs_generate_messages_check_deps_Log[0m
[35m[1mScanning dependencies of target _piksi_rtk_msgs_generate_messages_check_deps_Heartbeat[0m
[35m[1mScanning dependencies of target _piksi_rtk_msgs_generate_messages_check_deps_PositionWithCovarianceStamped[0m
[  0%] Built target _piksi_rtk_msgs_generate_messages_check_deps_VelNed
[35m[1mScanning dependencies of target _piksi_rtk_msgs_generate_messages_check_deps_EnuOrigin[0m
[35m[1mScanning dependencies of target _piksi_rtk_msgs_generate_messages_check_deps_BasePosEcef[0m
[  0%] Built target std_msgs_generate_messages_cpp
[35m[1mScanning dependencies of target _piksi_rtk_msgs_generate_messages_check_deps_PosLlhMulti[0m
[  0%] Built target _piksi_rtk_msgs_generate_messages_check_deps_VelocityWithCovarianceStamped
[35m[1mScanning dependencies of target _piksi_rtk_msgs_generate_messages_check_deps_Dops[0m
[35m[1mScanning dependencies of target _piksi_rtk_msgs_generate_messages_check_deps_InfoWifiCorrections[0m
[35m[1mScanning dependencies of target _piksi_rtk_msgs_generate_messages_check_deps_PosLlh[0m
[  0%] Built target _piksi_rtk_msgs_generate_messages_check_deps_UartState_V2_3_15
[35m[1mScanning dependencies of target _piksi_rtk_msgs_generate_messages_check_deps_DopsMulti[0m
[  0%] Built target _piksi_rtk_msgs_generate_messages_check_deps_ReceiverState_V2_6_5
[  0%] Built target _piksi_rtk_msgs_generate_messages_check_deps_BasePosEcef
[  0%] Built target _piksi_rtk_msgs_generate_messages_check_deps_ImuAuxMulti
[  0%] Built target _piksi_rtk_msgs_generate_messages_check_deps_PosEcef
[  0%] Built target _piksi_rtk_msgs_generate_messages_check_deps_Log
[  0%] Built target _piksi_rtk_msgs_generate_messages_check_deps_Heartbeat
[  0%] Built target _piksi_rtk_msgs_generate_messages_check_deps_UartState
[  0%] Built target _piksi_rtk_msgs_generate_messages_check_deps_BasePosLlh
[  0%] Built target _piksi_rtk_msgs_generate_messages_check_deps_EnuOrigin
[  0%] Built target _piksi_rtk_msgs_generate_messages_check_deps_PosLlhMulti
[35m[1mScanning dependencies of target _piksi_rtk_msgs_generate_messages_check_deps_TrackingState_V2_6_3[0m
[35m[1mScanning dependencies of target _piksi_rtk_msgs_generate_messages_check_deps_GpsTimeMulti[0m
[35m[1mScanning dependencies of target _piksi_rtk_msgs_generate_messages_check_deps_ExtEvent[0m
[35m[1mScanning dependencies of target _piksi_rtk_msgs_generate_messages_check_deps_ImuRawMulti[0m
[35m[1mScanning dependencies of target _piksi_rtk_msgs_generate_messages_check_deps_ReceiverState_V2_3_15[0m
[  0%] Built target _piksi_rtk_msgs_generate_messages_check_deps_PositionWithCovarianceStamped
[35m[1mScanning dependencies of target sensor_msgs_generate_messages_cpp[0m
[35m[1mScanning dependencies of target _piksi_rtk_msgs_generate_messages_check_deps_GpsTime[0m
[35m[1mScanning dependencies of target _piksi_rtk_msgs_generate_messages_check_deps_MagRaw[0m
[35m[1mScanning dependencies of target _piksi_rtk_msgs_generate_messages_check_deps_PosLlhCov[0m
[  0%] Built target _piksi_rtk_msgs_generate_messages_check_deps_PosLlh
[  0%] Built target sensor_msgs_generate_messages_cpp
[  0%] Built target _piksi_rtk_msgs_generate_messages_check_deps_Dops
[  0%] Built target _piksi_rtk_msgs_generate_messages_check_deps_DopsMulti
[35m[1mScanning dependencies of target _piksi_rtk_msgs_generate_messages_check_deps_PosEcefCov[0m
[35m[1mScanning dependencies of target _piksi_rtk_msgs_generate_messages_check_deps_ReceiverState[0m
[35m[1mScanning dependencies of target _piksi_rtk_msgs_generate_messages_check_deps_ReceiverState_V2_2_15[0m
[35m[1mScanning dependencies of target _piksi_rtk_msgs_generate_messages_check_deps_ReceiverState_V2_4_1[0m
[  0%] Built target _piksi_rtk_msgs_generate_messages_check_deps_InfoWifiCorrections
[35m[1mScanning dependencies of target _piksi_rtk_msgs_generate_messages_check_deps_TrackingState_V2_3_15[0m
[  0%] Built target _piksi_rtk_msgs_generate_messages_check_deps_ExtEvent
[35m[1mScanning dependencies of target _piksi_rtk_msgs_generate_messages_check_deps_TrackingState_V2_2_15[0m
[  0%] Built target _piksi_rtk_msgs_generate_messages_check_deps_GpsTimeMulti
[  0%] Built target _piksi_rtk_msgs_generate_messages_check_deps_ImuRawMulti
[  0%] Built target _piksi_rtk_msgs_generate_messages_check_deps_TrackingState_V2_6_3
[35m[1mScanning dependencies of target _piksi_rtk_msgs_generate_messages_check_deps_VelEcefCov[0m
[35m[1mScanning dependencies of target _piksi_rtk_msgs_generate_messages_check_deps_MeasurementState_V2_4_1[0m
[  0%] Built target _piksi_rtk_msgs_generate_messages_check_deps_ReceiverState_V2_3_15
[35m[1mScanning dependencies of target geometry_msgs_generate_messages_cpp[0m
[35m[1mScanning dependencies of target _piksi_rtk_msgs_generate_messages_check_deps_PositionSampling[0m
[  0%] Built target _piksi_rtk_msgs_generate_messages_check_deps_GpsTime
[35m[1mScanning dependencies of target _piksi_rtk_msgs_generate_messages_check_deps_UtcTimeMulti[0m
[  0%] Built target _piksi_rtk_msgs_generate_messages_check_deps_ReceiverState_V2_4_1
[  0%] Built target _piksi_rtk_msgs_generate_messages_check_deps_ReceiverState_V2_2_15
[  0%] Built target _piksi_rtk_msgs_generate_messages_check_deps_PosEcefCov
[  0%] Built target _piksi_rtk_msgs_generate_messages_check_deps_MagRaw
[  0%] Built target _piksi_rtk_msgs_generate_messages_check_deps_ReceiverState
[  0%] Built target _piksi_rtk_msgs_generate_messages_check_deps_PosLlhCov
[  0%] Built target _piksi_rtk_msgs_generate_messages_check_deps_TrackingState_V2_3_15
[  0%] Built target geometry_msgs_generate_messages_cpp
[35m[1mScanning dependencies of target _piksi_rtk_msgs_generate_messages_check_deps_AgeOfCorrections[0m
[35m[1mScanning dependencies of target std_msgs_generate_messages_nodejs[0m
[35m[1mScanning dependencies of target _piksi_rtk_msgs_generate_messages_check_deps_DeviceMonitor_V2_3_15[0m
[35m[1mScanning dependencies of target std_msgs_generate_messages_lisp[0m
[35m[1mScanning dependencies of target sensor_msgs_generate_messages_lisp[0m
[35m[1mScanning dependencies of target geometry_msgs_generate_messages_eus[0m
[  0%] Built target _piksi_rtk_msgs_generate_messages_check_deps_TrackingState_V2_2_15
[35m[1mScanning dependencies of target sensor_msgs_generate_messages_nodejs[0m
[35m[1mScanning dependencies of target geometry_msgs_generate_messages_nodejs[0m
[35m[1mScanning dependencies of target geometry_msgs_generate_messages_lisp[0m
[35m[1mScanning dependencies of target std_msgs_generate_messages_eus[0m
[  0%] Built target std_msgs_generate_messages_nodejs
[  0%] Built target _piksi_rtk_msgs_generate_messages_check_deps_VelEcefCov
[  0%] Built target _piksi_rtk_msgs_generate_messages_check_deps_MeasurementState_V2_4_1
[  0%] Built target geometry_msgs_generate_messages_lisp
[  0%] Built target std_msgs_generate_messages_lisp
[  0%] Built target std_msgs_generate_messages_eus
[  0%] Built target sensor_msgs_generate_messages_lisp
[  0%] Built target sensor_msgs_generate_messages_nodejs
[35m[1mScanning dependencies of target geometry_msgs_generate_messages_py[0m
[  0%] Built target geometry_msgs_generate_messages_nodejs
[  0%] Built target geometry_msgs_generate_messages_eus
[35m[1mScanning dependencies of target sensor_msgs_generate_messages_eus[0m
[35m[1mScanning dependencies of target sensor_msgs_generate_messages_py[0m
[  0%] Built target _piksi_rtk_msgs_generate_messages_check_deps_UtcTimeMulti
[  0%] Built target geometry_msgs_generate_messages_py
[  0%] Built target _piksi_rtk_msgs_generate_messages_check_deps_PositionSampling
[35m[1mScanning dependencies of target std_msgs_generate_messages_py[0m
[  0%] Built target sensor_msgs_generate_messages_py
[  0%] Built target sensor_msgs_generate_messages_eus
[  0%] Built target _piksi_rtk_msgs_generate_messages_check_deps_AgeOfCorrections
[  0%] Built target std_msgs_generate_messages_py
[  0%] Built target _piksi_rtk_msgs_generate_messages_check_deps_DeviceMonitor_V2_3_15
[35m[1mScanning dependencies of target piksi_rtk_msgs_generate_messages_eus[0m
[35m[1mScanning dependencies of target piksi_rtk_msgs_generate_messages_cpp[0m
[35m[1mScanning dependencies of target piksi_rtk_msgs_generate_messages_nodejs[0m
[35m[1mScanning dependencies of target piksi_rtk_msgs_generate_messages_lisp[0m
[35m[1mScanning dependencies of target piksi_rtk_msgs_generate_messages_py[0m
[  0%] [34m[1mGenerating EusLisp code from piksi_rtk_msgs/AgeOfCorrections.msg[0m
[  0%] [34m[1mGenerating C++ code from piksi_rtk_msgs/BaselineEcef.msg[0m
[  0%] [34m[1mGenerating EusLisp code from piksi_rtk_msgs/BaselineEcef.msg[0m
[  0%] [34m[1mGenerating C++ code from piksi_rtk_msgs/AgeOfCorrections.msg[0m
[  0%] [34m[1mGenerating Lisp code from piksi_rtk_msgs/BaselineHeading.msg[0m
[  0%] [34m[1mGenerating EusLisp code from piksi_rtk_msgs/BaselineNed.msg[0m
[  0%] [34m[1mGenerating Lisp code from piksi_rtk_msgs/BaselineEcef.msg[0m
[  1%] [34m[1mGenerating EusLisp code from piksi_rtk_msgs/BasePosEcef.msg[0m
[  2%] [34m[1mGenerating EusLisp code from piksi_rtk_msgs/BaselineHeading.msg[0m
[  2%] [34m[1mGenerating Javascript code from piksi_rtk_msgs/BaselineEcef.msg[0m
[  2%] [34m[1mGenerating Python from MSG piksi_rtk_msgs/AgeOfCorrections[0m
[  2%] [34m[1mGenerating EusLisp code from piksi_rtk_msgs/DeviceMonitor_V2_3_15.msg[0m
[  4%] [34m[1mGenerating Javascript code from piksi_rtk_msgs/AgeOfCorrections.msg[0m
[  4%] [34m[1mGenerating Lisp code from piksi_rtk_msgs/AgeOfCorrections.msg[0m
[  4%] [34m[1mGenerating EusLisp code from piksi_rtk_msgs/BasePosLlh.msg[0m
[  5%] [34m[1mGenerating Javascript code from piksi_rtk_msgs/BaselineHeading.msg[0m
[  5%] [34m[1mGenerating Javascript code from piksi_rtk_msgs/BaselineNed.msg[0m
[  6%] [34m[1mGenerating C++ code from piksi_rtk_msgs/BaselineHeading.msg[0m
[  7%] [34m[1mGenerating Lisp code from piksi_rtk_msgs/BaselineNed.msg[0m
[  7%] [34m[1mGenerating C++ code from piksi_rtk_msgs/BaselineNed.msg[0m
[  7%] [34m[1mGenerating Lisp code from piksi_rtk_msgs/BasePosEcef.msg[0m
[  7%] [34m[1mGenerating EusLisp code from piksi_rtk_msgs/ExtEvent.msg[0m
[  7%] [34m[1mGenerating C++ code from piksi_rtk_msgs/BasePosEcef.msg[0m
[  8%] [34m[1mGenerating EusLisp code from piksi_rtk_msgs/Dops.msg[0m
[  8%] [34m[1mGenerating EusLisp code from piksi_rtk_msgs/DopsMulti.msg[0m
[  8%] [34m[1mGenerating C++ code from piksi_rtk_msgs/DeviceMonitor_V2_3_15.msg[0m
[  9%] [34m[1mGenerating C++ code from piksi_rtk_msgs/BasePosLlh.msg[0m
[ 10%] [34m[1mGenerating C++ code from piksi_rtk_msgs/Dops.msg[0m
[ 10%] [34m[1mGenerating Javascript code from piksi_rtk_msgs/BasePosEcef.msg[0m
[ 11%] [34m[1mGenerating Javascript code from piksi_rtk_msgs/BasePosLlh.msg[0m
[ 11%] [34m[1mGenerating Lisp code from piksi_rtk_msgs/BasePosLlh.msg[0m
[ 11%] [34m[1mGenerating C++ code from piksi_rtk_msgs/DopsMulti.msg[0m
[ 11%] [34m[1mGenerating C++ code from piksi_rtk_msgs/ExtEvent.msg[0m
[ 12%] [34m[1mGenerating Lisp code from piksi_rtk_msgs/DeviceMonitor_V2_3_15.msg[0m
[ 12%] [34m[1mGenerating Lisp code from piksi_rtk_msgs/Dops.msg[0m
[ 12%] [34m[1mGenerating Javascript code from piksi_rtk_msgs/DeviceMonitor_V2_3_15.msg[0m
[ 12%] [34m[1mGenerating Javascript code from piksi_rtk_msgs/Dops.msg[0m
[ 13%] [34m[1mGenerating C++ code from piksi_rtk_msgs/GpsTime.msg[0m
[ 13%] [34m[1mGenerating EusLisp code from piksi_rtk_msgs/GpsTimeMulti.msg[0m
[ 14%] [34m[1mGenerating EusLisp code from piksi_rtk_msgs/GpsTime.msg[0m
[ 15%] [34m[1mGenerating EusLisp code from piksi_rtk_msgs/Heartbeat.msg[0m
[ 15%] [34m[1mGenerating Python from MSG piksi_rtk_msgs/BaselineEcef[0m
[ 16%] [34m[1mGenerating Lisp code from piksi_rtk_msgs/DopsMulti.msg[0m
[ 16%] [34m[1mGenerating C++ code from piksi_rtk_msgs/Heartbeat.msg[0m
[ 16%] [34m[1mGenerating C++ code from piksi_rtk_msgs/GpsTimeMulti.msg[0m
[ 16%] [34m[1mGenerating Lisp code from piksi_rtk_msgs/ExtEvent.msg[0m
[ 17%] [34m[1mGenerating C++ code from piksi_rtk_msgs/ImuAuxMulti.msg[0m
[ 18%] [34m[1mGenerating Javascript code from piksi_rtk_msgs/DopsMulti.msg[0m
[ 18%] [34m[1mGenerating C++ code from piksi_rtk_msgs/ImuRawMulti.msg[0m
[ 19%] [34m[1mGenerating C++ code from piksi_rtk_msgs/InfoWifiCorrections.msg[0m
[ 19%] [34m[1mGenerating Javascript code from piksi_rtk_msgs/ExtEvent.msg[0m
[ 19%] [34m[1mGenerating C++ code from piksi_rtk_msgs/Log.msg[0m
[ 19%] [34m[1mGenerating C++ code from piksi_rtk_msgs/MagRaw.msg[0m
[ 19%] [34m[1mGenerating Lisp code from piksi_rtk_msgs/GpsTime.msg[0m
[ 20%] [34m[1mGenerating Javascript code from piksi_rtk_msgs/GpsTime.msg[0m
[ 20%] [34m[1mGenerating EusLisp code from piksi_rtk_msgs/ImuAuxMulti.msg[0m
[ 21%] [34m[1mGenerating Lisp code from piksi_rtk_msgs/GpsTimeMulti.msg[0m
[ 21%] [34m[1mGenerating Lisp code from piksi_rtk_msgs/ImuAuxMulti.msg[0m
[ 21%] [34m[1mGenerating Lisp code from piksi_rtk_msgs/Heartbeat.msg[0m
[ 22%] [34m[1mGenerating Lisp code from piksi_rtk_msgs/ImuRawMulti.msg[0m
[ 22%] [34m[1mGenerating EusLisp code from piksi_rtk_msgs/ImuRawMulti.msg[0m
[ 23%] [34m[1mGenerating C++ code from piksi_rtk_msgs/MeasurementState_V2_4_1.msg[0m
[ 23%] [34m[1mGenerating C++ code from piksi_rtk_msgs/Observation.msg[0m
[ 23%] [34m[1mGenerating Lisp code from piksi_rtk_msgs/InfoWifiCorrections.msg[0m
[ 23%] [34m[1mGenerating Javascript code from piksi_rtk_msgs/GpsTimeMulti.msg[0m
[ 24%] [34m[1mGenerating Python from MSG piksi_rtk_msgs/BaselineHeading[0m
[ 24%] [34m[1mGenerating Python from MSG piksi_rtk_msgs/BaselineNed[0m
[ 25%] [34m[1mGenerating Lisp code from piksi_rtk_msgs/Log.msg[0m
[ 25%] [34m[1mGenerating C++ code from piksi_rtk_msgs/PosEcef.msg[0m
[ 25%] [34m[1mGenerating Javascript code from piksi_rtk_msgs/Heartbeat.msg[0m
[ 26%] [34m[1mGenerating C++ code from piksi_rtk_msgs/PosEcefCov.msg[0m
[ 26%] [34m[1mGenerating Lisp code from piksi_rtk_msgs/MagRaw.msg[0m
[ 26%] [34m[1mGenerating Lisp code from piksi_rtk_msgs/MeasurementState_V2_4_1.msg[0m
[ 27%] [34m[1mGenerating EusLisp code from piksi_rtk_msgs/InfoWifiCorrections.msg[0m
[ 27%] [34m[1mGenerating C++ code from piksi_rtk_msgs/PositionSampling.msg[0m
[ 28%] [34m[1mGenerating C++ code from piksi_rtk_msgs/PositionWithCovariance.msg[0m
[ 29%] [34m[1mGenerating Javascript code from piksi_rtk_msgs/ImuAuxMulti.msg[0m
[ 29%] [34m[1mGenerating Lisp code from piksi_rtk_msgs/PosEcef.msg[0m
[ 30%] [34m[1mGenerating Lisp code from piksi_rtk_msgs/Observation.msg[0m
[ 31%] [34m[1mGenerating Lisp code from piksi_rtk_msgs/PosEcefCov.msg[0m
[ 31%] [34m[1mGenerating EusLisp code from piksi_rtk_msgs/MagRaw.msg[0m
[ 31%] [34m[1mGenerating EusLisp code from piksi_rtk_msgs/Log.msg[0m
[ 32%] [34m[1mGenerating EusLisp code from piksi_rtk_msgs/MeasurementState_V2_4_1.msg[0m
[ 32%] [34m[1mGenerating Lisp code from piksi_rtk_msgs/PositionSampling.msg[0m
[ 32%] [34m[1mGenerating Python from MSG piksi_rtk_msgs/BasePosEcef[0m
[ 32%] [34m[1mGenerating C++ code from piksi_rtk_msgs/PosLlh.msg[0m
[ 32%] [34m[1mGenerating C++ code from piksi_rtk_msgs/PositionWithCovarianceStamped.msg[0m
[ 34%] [34m[1mGenerating C++ code from piksi_rtk_msgs/PosLlhCov.msg[0m
[ 35%] [34m[1mGenerating Python from MSG piksi_rtk_msgs/BasePosLlh[0m
[ 35%] [34m[1mGenerating Javascript code from piksi_rtk_msgs/ImuRawMulti.msg[0m
[ 35%] [34m[1mGenerating Lisp code from piksi_rtk_msgs/PositionWithCovariance.msg[0m
[ 35%] [34m[1mGenerating Python from MSG piksi_rtk_msgs/DeviceMonitor_V2_3_15[0m
[ 35%] [34m[1mGenerating C++ code from piksi_rtk_msgs/PosLlhMulti.msg[0m
[ 35%] [34m[1mGenerating Lisp code from piksi_rtk_msgs/PosLlh.msg[0m
[ 36%] [34m[1mGenerating Python from MSG piksi_rtk_msgs/Dops[0m
[ 36%] [34m[1mGenerating EusLisp code from piksi_rtk_msgs/Observation.msg[0m
[ 37%] [34m[1mGenerating Lisp code from piksi_rtk_msgs/PositionWithCovarianceStamped.msg[0m
[ 37%] [34m[1mGenerating C++ code from piksi_rtk_msgs/ReceiverState.msg[0m
[ 38%] [34m[1mGenerating EusLisp code from piksi_rtk_msgs/PosEcef.msg[0m
[ 39%] [34m[1mGenerating C++ code from piksi_rtk_msgs/ReceiverState_V2_2_15.msg[0m
[ 39%] [34m[1mGenerating Javascript code from piksi_rtk_msgs/InfoWifiCorrections.msg[0m
[ 40%] [34m[1mGenerating Javascript code from piksi_rtk_msgs/Log.msg[0m
[ 40%] [34m[1mGenerating EusLisp code from piksi_rtk_msgs/PosEcefCov.msg[0m
[ 40%] [34m[1mGenerating EusLisp code from piksi_rtk_msgs/PositionSampling.msg[0m
[ 40%] [34m[1mGenerating Lisp code from piksi_rtk_msgs/PosLlhCov.msg[0m
[ 40%] [34m[1mGenerating C++ code from piksi_rtk_msgs/ReceiverState_V2_3_15.msg[0m
[ 40%] [34m[1mGenerating Python from MSG piksi_rtk_msgs/DopsMulti[0m
[ 40%] [34m[1mGenerating Python from MSG piksi_rtk_msgs/ExtEvent[0m
[ 41%] [34m[1mGenerating EusLisp code from piksi_rtk_msgs/PositionWithCovariance.msg[0m
[ 42%] [34m[1mGenerating C++ code from piksi_rtk_msgs/ReceiverState_V2_4_1.msg[0m
[ 42%] [34m[1mGenerating C++ code from piksi_rtk_msgs/ReceiverState_V2_6_5.msg[0m
[ 43%] [34m[1mGenerating Python from MSG piksi_rtk_msgs/GpsTime[0m
[ 43%] [34m[1mGenerating EusLisp code from piksi_rtk_msgs/PositionWithCovarianceStamped.msg[0m
[ 43%] [34m[1mGenerating Javascript code from piksi_rtk_msgs/MagRaw.msg[0m
[ 44%] [34m[1mGenerating Python from MSG piksi_rtk_msgs/GpsTimeMulti[0m
[ 44%] [34m[1mGenerating Lisp code from piksi_rtk_msgs/PosLlhMulti.msg[0m
[ 44%] [34m[1mGenerating Python from MSG piksi_rtk_msgs/Heartbeat[0m
[ 44%] [34m[1mGenerating C++ code from piksi_rtk_msgs/TrackingState.msg[0m
[ 44%] [34m[1mGenerating EusLisp code from piksi_rtk_msgs/PosLlh.msg[0m
[ 45%] [34m[1mGenerating Javascript code from piksi_rtk_msgs/MeasurementState_V2_4_1.msg[0m
[ 46%] [34m[1mGenerating EusLisp code from piksi_rtk_msgs/PosLlhCov.msg[0m
[ 46%] [34m[1mGenerating EusLisp code from piksi_rtk_msgs/PosLlhMulti.msg[0m
[ 46%] [34m[1mGenerating Javascript code from piksi_rtk_msgs/Observation.msg[0m
[ 46%] [34m[1mGenerating Lisp code from piksi_rtk_msgs/ReceiverState.msg[0m
[ 47%] [34m[1mGenerating C++ code from piksi_rtk_msgs/TrackingState_V2_2_15.msg[0m
[ 47%] [34m[1mGenerating C++ code from piksi_rtk_msgs/TrackingState_V2_3_15.msg[0m
[ 47%] [34m[1mGenerating Javascript code from piksi_rtk_msgs/PosEcef.msg[0m
[ 47%] [34m[1mGenerating C++ code from piksi_rtk_msgs/TrackingState_V2_6_3.msg[0m
[ 48%] [34m[1mGenerating Python from MSG piksi_rtk_msgs/ImuAuxMulti[0m
[ 48%] [34m[1mGenerating Python from MSG piksi_rtk_msgs/ImuRawMulti[0m
[ 48%] [34m[1mGenerating Javascript code from piksi_rtk_msgs/PositionSampling.msg[0m
[ 49%] [34m[1mGenerating Javascript code from piksi_rtk_msgs/PosEcefCov.msg[0m
[ 50%] [34m[1mGenerating EusLisp code from piksi_rtk_msgs/ReceiverState.msg[0m
[ 50%] [34m[1mGenerating Javascript code from piksi_rtk_msgs/PositionWithCovariance.msg[0m
[ 50%] [34m[1mGenerating EusLisp code from piksi_rtk_msgs/ReceiverState_V2_2_15.msg[0m
[ 51%] [34m[1mGenerating Lisp code from piksi_rtk_msgs/ReceiverState_V2_2_15.msg[0m
[ 52%] [34m[1mGenerating C++ code from piksi_rtk_msgs/UartState.msg[0m
[ 52%] [34m[1mGenerating EusLisp code from piksi_rtk_msgs/ReceiverState_V2_3_15.msg[0m
[ 52%] [34m[1mGenerating C++ code from piksi_rtk_msgs/UartState_V2_3_15.msg[0m
[ 53%] [34m[1mGenerating EusLisp code from piksi_rtk_msgs/ReceiverState_V2_4_1.msg[0m
[ 54%] [34m[1mGenerating Python from MSG piksi_rtk_msgs/InfoWifiCorrections[0m
[ 54%] [34m[1mGenerating Python from MSG piksi_rtk_msgs/Log[0m
[ 54%] [34m[1mGenerating Lisp code from piksi_rtk_msgs/ReceiverState_V2_3_15.msg[0m
[ 55%] [34m[1mGenerating C++ code from piksi_rtk_msgs/UtcTimeMulti.msg[0m
[ 56%] [34m[1mGenerating Javascript code from piksi_rtk_msgs/PositionWithCovarianceStamped.msg[0m
[ 56%] [34m[1mGenerating Python from MSG piksi_rtk_msgs/MagRaw[0m
[ 56%] [34m[1mGenerating Javascript code from piksi_rtk_msgs/PosLlh.msg[0m
[ 56%] [34m[1mGenerating Lisp code from piksi_rtk_msgs/ReceiverState_V2_4_1.msg[0m
[ 57%] [34m[1mGenerating Javascript code from piksi_rtk_msgs/PosLlhCov.msg[0m
[ 57%] [34m[1mGenerating EusLisp code from piksi_rtk_msgs/ReceiverState_V2_6_5.msg[0m
[ 57%] [34m[1mGenerating Python from MSG piksi_rtk_msgs/Observation[0m
[ 58%] [34m[1mGenerating Python from MSG piksi_rtk_msgs/MeasurementState_V2_4_1[0m
[ 58%] [34m[1mGenerating Python from MSG piksi_rtk_msgs/PosEcef[0m
[ 58%] [34m[1mGenerating EusLisp code from piksi_rtk_msgs/TrackingState.msg[0m
[ 59%] [34m[1mGenerating Python from MSG piksi_rtk_msgs/PosEcefCov[0m
[ 59%] [34m[1mGenerating Python from MSG piksi_rtk_msgs/PositionSampling[0m
[ 59%] [34m[1mGenerating C++ code from piksi_rtk_msgs/VelEcef.msg[0m
[ 60%] [34m[1mGenerating Lisp code from piksi_rtk_msgs/ReceiverState_V2_6_5.msg[0m
[ 61%] [34m[1mGenerating Python from MSG piksi_rtk_msgs/PositionWithCovariance[0m
[ 61%] [34m[1mGenerating Lisp code from piksi_rtk_msgs/TrackingState.msg[0m
[ 61%] [34m[1mGenerating Javascript code from piksi_rtk_msgs/PosLlhMulti.msg[0m
[ 62%] [34m[1mGenerating EusLisp code from piksi_rtk_msgs/TrackingState_V2_2_15.msg[0m
[ 62%] [34m[1mGenerating C++ code from piksi_rtk_msgs/VelEcefCov.msg[0m
[ 62%] [34m[1mGenerating Javascript code from piksi_rtk_msgs/ReceiverState.msg[0m
[ 63%] [34m[1mGenerating C++ code from piksi_rtk_msgs/VelNed.msg[0m
[ 63%] [34m[1mGenerating Lisp code from piksi_rtk_msgs/TrackingState_V2_2_15.msg[0m
[ 63%] [34m[1mGenerating Python from MSG piksi_rtk_msgs/PositionWithCovarianceStamped[0m
[ 64%] [34m[1mGenerating EusLisp code from piksi_rtk_msgs/TrackingState_V2_6_3.msg[0m
[ 64%] [34m[1mGenerating EusLisp code from piksi_rtk_msgs/TrackingState_V2_3_15.msg[0m
[ 64%] [34m[1mGenerating Python from MSG piksi_rtk_msgs/PosLlh[0m
[ 65%] [34m[1mGenerating Lisp code from piksi_rtk_msgs/TrackingState_V2_3_15.msg[0m
[ 65%] [34m[1mGenerating Lisp code from piksi_rtk_msgs/TrackingState_V2_6_3.msg[0m
[ 67%] [34m[1mGenerating Lisp code from piksi_rtk_msgs/UartState.msg[0m
[ 68%] [34m[1mGenerating Javascript code from piksi_rtk_msgs/ReceiverState_V2_2_15.msg[0m
[ 69%] [34m[1mGenerating Python from MSG piksi_rtk_msgs/PosLlhCov[0m
[ 69%] [34m[1mGenerating Lisp code from piksi_rtk_msgs/UartState_V2_3_15.msg[0m
[ 69%] [34m[1mGenerating EusLisp code from piksi_rtk_msgs/UartState.msg[0m
[ 69%] [34m[1mGenerating Lisp code from piksi_rtk_msgs/UtcTimeMulti.msg[0m
[ 69%] [34m[1mGenerating Python from MSG piksi_rtk_msgs/PosLlhMulti[0m
[ 69%] [34m[1mGenerating EusLisp code from piksi_rtk_msgs/UartState_V2_3_15.msg[0m
[ 69%] [34m[1mGenerating Python from MSG piksi_rtk_msgs/ReceiverState[0m
[ 70%] [34m[1mGenerating Python from MSG piksi_rtk_msgs/ReceiverState_V2_2_15[0m
[ 70%] [34m[1mGenerating Lisp code from piksi_rtk_msgs/VelEcefCov.msg[0m
[ 70%] [34m[1mGenerating Javascript code from piksi_rtk_msgs/ReceiverState_V2_3_15.msg[0m
[ 71%] [34m[1mGenerating Lisp code from piksi_rtk_msgs/VelEcef.msg[0m
[ 71%] [34m[1mGenerating Javascript code from piksi_rtk_msgs/ReceiverState_V2_4_1.msg[0m
[ 71%] [34m[1mGenerating Python from MSG piksi_rtk_msgs/ReceiverState_V2_3_15[0m
[ 72%] [34m[1mGenerating Javascript code from piksi_rtk_msgs/ReceiverState_V2_6_5.msg[0m
[ 73%] [34m[1mGenerating EusLisp code from piksi_rtk_msgs/UtcTimeMulti.msg[0m
[ 73%] [34m[1mGenerating EusLisp code from piksi_rtk_msgs/VelEcefCov.msg[0m
[ 73%] [34m[1mGenerating C++ code from piksi_rtk_msgs/VelNedCov.msg[0m
[ 73%] [34m[1mGenerating EusLisp code from piksi_rtk_msgs/VelEcef.msg[0m
[ 74%] [34m[1mGenerating Python from MSG piksi_rtk_msgs/ReceiverState_V2_4_1[0m
[ 75%] [34m[1mGenerating EusLisp code from piksi_rtk_msgs/VelNed.msg[0m
[ 75%] [34m[1mGenerating Javascript code from piksi_rtk_msgs/TrackingState.msg[0m
[ 75%] [34m[1mGenerating Python from MSG piksi_rtk_msgs/ReceiverState_V2_6_5[0m
[ 75%] [34m[1mGenerating Lisp code from piksi_rtk_msgs/VelNed.msg[0m
[ 75%] [34m[1mGenerating EusLisp code from piksi_rtk_msgs/VelNedCov.msg[0m
[ 76%] [34m[1mGenerating EusLisp code from piksi_rtk_msgs/VelocityWithCovariance.msg[0m
[ 77%] [34m[1mGenerating Javascript code from piksi_rtk_msgs/TrackingState_V2_2_15.msg[0m
[ 77%] [34m[1mGenerating EusLisp code from piksi_rtk_msgs/VelocityWithCovarianceStamped.msg[0m
[ 78%] [34m[1mGenerating C++ code from piksi_rtk_msgs/VelocityWithCovarianceStamped.msg[0m
[ 78%] [34m[1mGenerating C++ code from piksi_rtk_msgs/VelocityWithCovariance.msg[0m
[ 78%] [34m[1mGenerating EusLisp code from piksi_rtk_msgs/EnuOrigin.srv[0m
[ 78%] [34m[1mGenerating EusLisp code from piksi_rtk_msgs/SettingsWrite.srv[0m
[ 79%] [34m[1mGenerating Lisp code from piksi_rtk_msgs/VelNedCov.msg[0m
[ 80%] [34m[1mGenerating EusLisp code from piksi_rtk_msgs/SamplePosition.srv[0m
[ 80%] [34m[1mGenerating C++ code from piksi_rtk_msgs/EnuOrigin.srv[0m
[ 80%] [34m[1mGenerating Javascript code from piksi_rtk_msgs/TrackingState_V2_3_15.msg[0m
[ 80%] [34m[1mGenerating EusLisp code from piksi_rtk_msgs/SettingsReadReq.srv[0m
[ 81%] [34m[1mGenerating EusLisp code from piksi_rtk_msgs/SettingsReadResp.srv[0m
[ 81%] [34m[1mGenerating Lisp code from piksi_rtk_msgs/VelocityWithCovariance.msg[0m
[ 81%] [34m[1mGenerating Python from MSG piksi_rtk_msgs/TrackingState[0m
[ 82%] [34m[1mGenerating Python from MSG piksi_rtk_msgs/TrackingState_V2_2_15[0m
[ 82%] [34m[1mGenerating Python from MSG piksi_rtk_msgs/TrackingState_V2_3_15[0m
[ 82%] [34m[1mGenerating EusLisp manifest code for piksi_rtk_msgs[0m
[ 83%] [34m[1mGenerating Lisp code from piksi_rtk_msgs/VelocityWithCovarianceStamped.msg[0m
[ 84%] [34m[1mGenerating C++ code from piksi_rtk_msgs/SamplePosition.srv[0m
[ 84%] [34m[1mGenerating Javascript code from piksi_rtk_msgs/TrackingState_V2_6_3.msg[0m
[ 84%] [34m[1mGenerating C++ code from piksi_rtk_msgs/SettingsWrite.srv[0m
[ 84%] [34m[1mGenerating Lisp code from piksi_rtk_msgs/EnuOrigin.srv[0m
[ 84%] [34m[1mGenerating Lisp code from piksi_rtk_msgs/SamplePosition.srv[0m
[ 85%] [34m[1mGenerating Javascript code from piksi_rtk_msgs/UartState.msg[0m
[ 86%] [34m[1mGenerating Lisp code from piksi_rtk_msgs/SettingsWrite.srv[0m
[ 86%] [34m[1mGenerating Javascript code from piksi_rtk_msgs/UartState_V2_3_15.msg[0m
[ 86%] [34m[1mGenerating Python from MSG piksi_rtk_msgs/TrackingState_V2_6_3[0m
[ 86%] [34m[1mGenerating C++ code from piksi_rtk_msgs/SettingsReadReq.srv[0m
[ 86%] [34m[1mGenerating Lisp code from piksi_rtk_msgs/SettingsReadReq.srv[0m
[ 87%] [34m[1mGenerating Python from MSG piksi_rtk_msgs/UartState[0m
[ 87%] [34m[1mGenerating Lisp code from piksi_rtk_msgs/SettingsReadResp.srv[0m
[ 87%] [34m[1mGenerating Python from MSG piksi_rtk_msgs/UartState_V2_3_15[0m
[ 87%] [34m[1mGenerating Javascript code from piksi_rtk_msgs/UtcTimeMulti.msg[0m
[ 87%] [34m[1mGenerating Python from MSG piksi_rtk_msgs/VelEcef[0m
[ 88%] [34m[1mGenerating Python from MSG piksi_rtk_msgs/UtcTimeMulti[0m
[ 89%] [34m[1mGenerating Javascript code from piksi_rtk_msgs/VelEcef.msg[0m
[ 89%] [34m[1mGenerating Python from MSG piksi_rtk_msgs/VelEcefCov[0m
[ 90%] [34m[1mGenerating Python from MSG piksi_rtk_msgs/VelNed[0m
[ 90%] [34m[1mGenerating Javascript code from piksi_rtk_msgs/VelEcefCov.msg[0m
[ 90%] Built target piksi_rtk_msgs_generate_messages_lisp
[ 90%] [34m[1mGenerating Python from MSG piksi_rtk_msgs/VelNedCov[0m
[ 90%] [34m[1mGenerating Python code from SRV piksi_rtk_msgs/EnuOrigin[0m
[ 90%] [34m[1mGenerating Python from MSG piksi_rtk_msgs/VelocityWithCovariance[0m
[ 91%] [34m[1mGenerating Python from MSG piksi_rtk_msgs/VelocityWithCovarianceStamped[0m
[ 92%] [34m[1mGenerating C++ code from piksi_rtk_msgs/SettingsReadResp.srv[0m
[ 93%] [34m[1mGenerating Javascript code from piksi_rtk_msgs/VelNed.msg[0m
[ 94%] [34m[1mGenerating Python code from SRV piksi_rtk_msgs/SamplePosition[0m
[ 94%] [34m[1mGenerating Javascript code from piksi_rtk_msgs/VelNedCov.msg[0m
[ 94%] [34m[1mGenerating Python code from SRV piksi_rtk_msgs/SettingsWrite[0m
[ 95%] [34m[1mGenerating Python code from SRV piksi_rtk_msgs/SettingsReadResp[0m
[ 95%] [34m[1mGenerating Python code from SRV piksi_rtk_msgs/SettingsReadReq[0m
[ 95%] [34m[1mGenerating Javascript code from piksi_rtk_msgs/VelocityWithCovariance.msg[0m
[ 96%] [34m[1mGenerating Javascript code from piksi_rtk_msgs/VelocityWithCovarianceStamped.msg[0m
[ 96%] [34m[1mGenerating Javascript code from piksi_rtk_msgs/EnuOrigin.srv[0m
[ 97%] [34m[1mGenerating Javascript code from piksi_rtk_msgs/SettingsWrite.srv[0m
[ 97%] [34m[1mGenerating Javascript code from piksi_rtk_msgs/SamplePosition.srv[0m
[ 97%] [34m[1mGenerating Javascript code from piksi_rtk_msgs/SettingsReadReq.srv[0m
[ 98%] [34m[1mGenerating Javascript code from piksi_rtk_msgs/SettingsReadResp.srv[0m
[ 98%] Built target piksi_rtk_msgs_generate_messages_nodejs
[ 98%] [34m[1mGenerating Python msg __init__.py for piksi_rtk_msgs[0m
[100%] [34m[1mGenerating Python srv __init__.py for piksi_rtk_msgs[0m
[100%] Built target piksi_rtk_msgs_generate_messages_cpp
[100%] Built target piksi_rtk_msgs_generate_messages_eus
[100%] Built target piksi_rtk_msgs_generate_messages_py
[35m[1mScanning dependencies of target piksi_rtk_msgs_generate_messages[0m
[100%] Built target piksi_rtk_msgs_generate_messages
