[  0%] Built target _piksi_rtk_msgs_generate_messages_check_deps_UartState_V2_3_15
[  0%] Built target _piksi_rtk_msgs_generate_messages_check_deps_PosEcef
[  0%] Built target _piksi_rtk_msgs_generate_messages_check_deps_ImuAuxMulti
[  0%] Built target _piksi_rtk_msgs_generate_messages_check_deps_VelNed
[  0%] Built target _piksi_rtk_msgs_generate_messages_check_deps_VelNedCov
[  0%] Built target _piksi_rtk_msgs_generate_messages_check_deps_BaselineEcef
[  0%] Built target _piksi_rtk_msgs_generate_messages_check_deps_VelocityWithCovariance
[  0%] Built target _piksi_rtk_msgs_generate_messages_check_deps_SettingsReadResp
[  0%] Built target _piksi_rtk_msgs_generate_messages_check_deps_BasePosLlh
[  0%] Built target _piksi_rtk_msgs_generate_messages_check_deps_UartState
[  0%] Built target std_msgs_generate_messages_py
[  0%] Built target _piksi_rtk_msgs_generate_messages_check_deps_VelocityWithCovarianceStamped
[  0%] Built target _piksi_rtk_msgs_generate_messages_check_deps_SettingsReadReq
[  0%] Built target _piksi_rtk_msgs_generate_messages_check_deps_TrackingState
[  0%] Built target _piksi_rtk_msgs_generate_messages_check_deps_SettingsWrite
[  0%] Built target _piksi_rtk_msgs_generate_messages_check_deps_UtcTimeMulti
[  0%] Built target _piksi_rtk_msgs_generate_messages_check_deps_BaselineHeading
[  0%] Built target _piksi_rtk_msgs_generate_messages_check_deps_VelEcefCov
[  0%] Built target _piksi_rtk_msgs_generate_messages_check_deps_SamplePosition
[  0%] Built target _piksi_rtk_msgs_generate_messages_check_deps_MeasurementState_V2_4_1
[  0%] Built target _piksi_rtk_msgs_generate_messages_check_deps_PositionSampling
[  0%] Built target _piksi_rtk_msgs_generate_messages_check_deps_DeviceMonitor_V2_3_15
[  0%] Built target _piksi_rtk_msgs_generate_messages_check_deps_Heartbeat
[  0%] Built target _piksi_rtk_msgs_generate_messages_check_deps_PositionWithCovariance
[  0%] Built target _piksi_rtk_msgs_generate_messages_check_deps_Log
[  0%] Built target _piksi_rtk_msgs_generate_messages_check_deps_AgeOfCorrections
[  0%] Built target _piksi_rtk_msgs_generate_messages_check_deps_PositionWithCovarianceStamped
[  0%] Built target _piksi_rtk_msgs_generate_messages_check_deps_BasePosEcef
[  0%] Built target _piksi_rtk_msgs_generate_messages_check_deps_EnuOrigin
[  0%] Built target _piksi_rtk_msgs_generate_messages_check_deps_PosLlhMulti
[  0%] Built target _piksi_rtk_msgs_generate_messages_check_deps_PosLlh
[  0%] Built target _piksi_rtk_msgs_generate_messages_check_deps_Dops
[  0%] Built target _piksi_rtk_msgs_generate_messages_check_deps_InfoWifiCorrections
[  0%] Built target _piksi_rtk_msgs_generate_messages_check_deps_TrackingState_V2_6_3
[  0%] Built target _piksi_rtk_msgs_generate_messages_check_deps_ReceiverState_V2_3_15
[  0%] Built target _piksi_rtk_msgs_generate_messages_check_deps_ImuRawMulti
[  0%] Built target _piksi_rtk_msgs_generate_messages_check_deps_DopsMulti
[  0%] Built target _piksi_rtk_msgs_generate_messages_check_deps_GpsTimeMulti
[  0%] Built target _piksi_rtk_msgs_generate_messages_check_deps_ExtEvent
[  0%] Built target _piksi_rtk_msgs_generate_messages_check_deps_GpsTime
[  0%] Built target _piksi_rtk_msgs_generate_messages_check_deps_MagRaw
[  0%] Built target _piksi_rtk_msgs_generate_messages_check_deps_PosLlhCov
[  0%] Built target geometry_msgs_generate_messages_py
[  0%] Built target sensor_msgs_generate_messages_py
[  0%] Built target _piksi_rtk_msgs_generate_messages_check_deps_ReceiverState
[  0%] Built target _piksi_rtk_msgs_generate_messages_check_deps_PosEcefCov
[  0%] Built target _piksi_rtk_msgs_generate_messages_check_deps_ReceiverState_V2_4_1
[  0%] Built target _piksi_rtk_msgs_generate_messages_check_deps_TrackingState_V2_2_15
[  0%] Built target _piksi_rtk_msgs_generate_messages_check_deps_ReceiverState_V2_2_15
[  0%] Built target std_msgs_generate_messages_nodejs
[  0%] Built target _piksi_rtk_msgs_generate_messages_check_deps_ReceiverState_V2_6_5
[  0%] Built target geometry_msgs_generate_messages_nodejs
[  0%] Built target _piksi_rtk_msgs_generate_messages_check_deps_TrackingState_V2_3_15
[  0%] Built target _piksi_rtk_msgs_generate_messages_check_deps_VelEcef
[  0%] Built target geometry_msgs_generate_messages_lisp
[  0%] Built target sensor_msgs_generate_messages_nodejs
[  0%] Built target std_msgs_generate_messages_lisp
[  0%] Built target _piksi_rtk_msgs_generate_messages_check_deps_Observation
[  0%] Built target geometry_msgs_generate_messages_eus
[  0%] Built target sensor_msgs_generate_messages_eus
[  0%] Built target std_msgs_generate_messages_eus
[  0%] Built target sensor_msgs_generate_messages_lisp
[  0%] Built target _piksi_rtk_msgs_generate_messages_check_deps_BaselineNed
[  0%] Built target geometry_msgs_generate_messages_cpp
[  0%] Built target std_msgs_generate_messages_cpp
[  0%] Built target sensor_msgs_generate_messages_cpp
[ 35%] Built target piksi_rtk_msgs_generate_messages_nodejs
[ 41%] Built target piksi_rtk_msgs_generate_messages_py
[ 62%] Built target piksi_rtk_msgs_generate_messages_lisp
[ 80%] Built target piksi_rtk_msgs_generate_messages_eus
[100%] Built target piksi_rtk_msgs_generate_messages_cpp
[100%] Built target piksi_rtk_msgs_generate_messages
