Symlinking /home/reu-actor/actor_ws/devel/lib/libsbp.so
Symlinking /home/reu-actor/actor_ws/devel/lib/pkgconfig/libsbp_catkin.pc
Symlinking /home/reu-actor/actor_ws/devel/lib/python3/dist-packages/sbpg/utils.py
Symlinking /home/reu-actor/actor_ws/devel/lib/python3/dist-packages/sbpg/test_structs.py
Symlinking /home/reu-actor/actor_ws/devel/lib/python3/dist-packages/sbpg/syntax.py
Symlinking /home/reu-actor/actor_ws/devel/lib/python3/dist-packages/sbpg/__init__.py
Symlinking /home/reu-actor/actor_ws/devel/lib/python3/dist-packages/sbpg/generator.py
Symlinking /home/reu-actor/actor_ws/devel/lib/python3/dist-packages/sbpg/specs/yaml_test_schema.py
Symlinking /home/reu-actor/actor_ws/devel/lib/python3/dist-packages/sbpg/specs/__init__.py
Symlinking /home/reu-actor/actor_ws/devel/lib/python3/dist-packages/sbpg/specs/yaml_schema.py
Symlinking /home/reu-actor/actor_ws/devel/lib/python3/dist-packages/sbpg/specs/yaml2.py
Symlinking /home/reu-actor/actor_ws/devel/lib/python3/dist-packages/sbpg/targets/latex.py
Symlinking /home/reu-actor/actor_ws/devel/lib/python3/dist-packages/sbpg/targets/jsonschema.py
Symlinking /home/reu-actor/actor_ws/devel/lib/python3/dist-packages/sbpg/targets/test_c.py
Symlinking /home/reu-actor/actor_ws/devel/lib/python3/dist-packages/sbpg/targets/__init__.py
Symlinking /home/reu-actor/actor_ws/devel/lib/python3/dist-packages/sbpg/targets/protobuf.py
Symlinking /home/reu-actor/actor_ws/devel/lib/python3/dist-packages/sbpg/targets/javascript.py
Symlinking /home/reu-actor/actor_ws/devel/lib/python3/dist-packages/sbpg/targets/test_rust.py
Symlinking /home/reu-actor/actor_ws/devel/lib/python3/dist-packages/sbpg/targets/haskell.py
Symlinking /home/reu-actor/actor_ws/devel/lib/python3/dist-packages/sbpg/targets/c.py
Symlinking /home/reu-actor/actor_ws/devel/lib/python3/dist-packages/sbpg/targets/python.py
Symlinking /home/reu-actor/actor_ws/devel/lib/python3/dist-packages/sbpg/targets/common.py
Symlinking /home/reu-actor/actor_ws/devel/lib/python3/dist-packages/sbpg/targets/templating.py
Symlinking /home/reu-actor/actor_ws/devel/lib/python3/dist-packages/sbpg/targets/java.py
Symlinking /home/reu-actor/actor_ws/devel/lib/python3/dist-packages/sbpg/targets/rust.py
Symlinking /home/reu-actor/actor_ws/devel/lib/python3/dist-packages/sbpg/targets/pythonNG.py
Symlinking /home/reu-actor/actor_ws/devel/lib/python3/dist-packages/sbpg/targets/resources/SbpMessagesTemplate.hs
Symlinking /home/reu-actor/actor_ws/devel/lib/python3/dist-packages/sbpg/targets/resources/sbp_construct_template.py.j2
Symlinking /home/reu-actor/actor_ws/devel/lib/python3/dist-packages/sbpg/targets/resources/sbp_message_traits_template.h
Symlinking /home/reu-actor/actor_ws/devel/lib/python3/dist-packages/sbpg/targets/resources/sbp_c_main.c.j2
Symlinking /home/reu-actor/actor_ws/devel/lib/python3/dist-packages/sbpg/targets/resources/sbp-template.cabal
Symlinking /home/reu-actor/actor_ws/devel/lib/python3/dist-packages/sbpg/targets/resources/sbp_messages_template.rs
Symlinking /home/reu-actor/actor_ws/devel/lib/python3/dist-packages/sbpg/targets/resources/message_template.jsonschema.j2
Symlinking /home/reu-actor/actor_ws/devel/lib/python3/dist-packages/sbpg/targets/resources/sbp_numba.py.j2
Symlinking /home/reu-actor/actor_ws/devel/lib/python3/dist-packages/sbpg/targets/resources/sbp_python_relver_template.j2
Symlinking /home/reu-actor/actor_ws/devel/lib/python3/dist-packages/sbpg/targets/resources/sbp_java.java.j2
Symlinking /home/reu-actor/actor_ws/devel/lib/python3/dist-packages/sbpg/targets/resources/sbp_messages_template.h
Symlinking /home/reu-actor/actor_ws/devel/lib/python3/dist-packages/sbpg/targets/resources/sbp_messages_table.tex
Symlinking /home/reu-actor/actor_ws/devel/lib/python3/dist-packages/sbpg/targets/resources/sbp_version_template.h
Symlinking /home/reu-actor/actor_ws/devel/lib/python3/dist-packages/sbpg/targets/resources/sbp_tests_template.rs
Symlinking /home/reu-actor/actor_ws/devel/lib/python3/dist-packages/sbpg/targets/resources/MessageTable.java.j2
Symlinking /home/reu-actor/actor_ws/devel/lib/python3/dist-packages/sbpg/targets/resources/sbp_js.js.j2
Symlinking /home/reu-actor/actor_ws/devel/lib/python3/dist-packages/sbpg/targets/resources/sbp_c_suites.h.j2
Symlinking /home/reu-actor/actor_ws/devel/lib/python3/dist-packages/sbpg/targets/resources/SbpMessageTemplate.hs
Symlinking /home/reu-actor/actor_ws/devel/lib/python3/dist-packages/sbpg/targets/resources/sbp_base.tex
Symlinking /home/reu-actor/actor_ws/devel/lib/python3/dist-packages/sbpg/targets/resources/sbp_c_test.c.j2
Symlinking /home/reu-actor/actor_ws/devel/lib/python3/dist-packages/sbpg/targets/resources/SbpTemplate.hs
Symlinking /home/reu-actor/actor_ws/devel/lib/python3/dist-packages/sbpg/targets/resources/sbp_messages_mod.rs
Symlinking /home/reu-actor/actor_ws/devel/lib/python3/dist-packages/sbpg/targets/resources/message_template.proto.j2
Symlinking /home/reu-actor/actor_ws/devel/lib/python3/dist-packages/sbpg/targets/resources/sbp_messages_desc.tex
Symlinking /home/reu-actor/actor_ws/devel/include/libsbp/flash.h
Symlinking /home/reu-actor/actor_ws/devel/include/libsbp/orientation.h
Symlinking /home/reu-actor/actor_ws/devel/include/libsbp/file_io.h
Symlinking /home/reu-actor/actor_ws/devel/include/libsbp/common.h
Symlinking /home/reu-actor/actor_ws/devel/include/libsbp/version.h
Symlinking /home/reu-actor/actor_ws/devel/include/libsbp/navigation.h
Symlinking /home/reu-actor/actor_ws/devel/include/libsbp/acquisition.h
Symlinking /home/reu-actor/actor_ws/devel/include/libsbp/imu.h
Symlinking /home/reu-actor/actor_ws/devel/include/libsbp/observation.h
Symlinking /home/reu-actor/actor_ws/devel/include/libsbp/vehicle.h
Symlinking /home/reu-actor/actor_ws/devel/include/libsbp/ssr.h
Symlinking /home/reu-actor/actor_ws/devel/include/libsbp/piksi.h
Symlinking /home/reu-actor/actor_ws/devel/include/libsbp/tracking.h
Symlinking /home/reu-actor/actor_ws/devel/include/libsbp/logging.h
Symlinking /home/reu-actor/actor_ws/devel/include/libsbp/sbas.h
Symlinking /home/reu-actor/actor_ws/devel/include/libsbp/system.h
Symlinking /home/reu-actor/actor_ws/devel/include/libsbp/mag.h
Symlinking /home/reu-actor/actor_ws/devel/include/libsbp/linux.h
Symlinking /home/reu-actor/actor_ws/devel/include/libsbp/bootload.h
Symlinking /home/reu-actor/actor_ws/devel/include/libsbp/ndb.h
Symlinking /home/reu-actor/actor_ws/devel/include/libsbp/sbp_handler.hpp
Symlinking /home/reu-actor/actor_ws/devel/include/libsbp/user.h
Symlinking /home/reu-actor/actor_ws/devel/include/libsbp/gnss.h
Symlinking /home/reu-actor/actor_ws/devel/include/libsbp/sbp.h
Symlinking /home/reu-actor/actor_ws/devel/include/libsbp/edc.h
Symlinking /home/reu-actor/actor_ws/devel/include/libsbp/ext_events.h
Symlinking /home/reu-actor/actor_ws/devel/include/libsbp/settings.h
Symlinking /home/reu-actor/actor_ws/devel/include/libsbp/cpp/state.h
Symlinking /home/reu-actor/actor_ws/devel/include/libsbp/cpp/message_handler.h
Symlinking /home/reu-actor/actor_ws/devel/include/libsbp/cpp/frame_handler.h
Symlinking /home/reu-actor/actor_ws/devel/include/libsbp/cpp/message_traits.h
Symlinking /home/reu-actor/actor_ws/devel/share/libsbp_catkin/cmake/libsbp_catkinConfig-version.cmake
Symlinking /home/reu-actor/actor_ws/devel/share/libsbp_catkin/cmake/libsbp-extras.cmake
Symlinking /home/reu-actor/actor_ws/devel/share/libsbp_catkin/cmake/libsbp_catkinConfig.cmake
