[35m[1mScanning dependencies of target libserialport[0m
[ 12%] [34m[1mCreating directories for 'libserialport'[0m
[ 25%] [34m[1mPerforming download step (git clone) for 'libserialport'[0m
Cloning into 'libserialport'...
Note: switching to '6f9b03e'.

You are in 'detached HEAD' state. You can look around, make experimental
changes and commit them, and you can discard any commits you make in this
state without impacting any branches by switching back to a branch.

If you want to create a new branch to retain commits you create, you may
do so (now or later) by using -c with the switch command. Example:

  git switch -c <new-branch-name>

Or undo this operation with:

  git switch -

Turn off this advice by setting config variable advice.detachedHead to false

HEAD is now at 6f9b03e HACK: don't even check for termiox
[ 37%] [34m[1mNo patch step for 'libserialport'[0m
[ 50%] [34m[1mPerforming update step for 'libserialport'[0m
[ 62%] [34m[1mPerforming configure step for 'libserialport'[0m
autoreconf: Entering directory `/home/reu-actor/actor_ws/build/libserialport_catkin/libserialport-prefix/src/libserialport'
autoreconf: configure.ac: not using Gettext
autoreconf: running: aclocal --force -I autostuff
autoreconf: configure.ac: tracing
autoreconf: running: libtoolize --copy --force
libtoolize: putting auxiliary files in AC_CONFIG_AUX_DIR, 'autostuff'.
libtoolize: copying file 'autostuff/ltmain.sh'
libtoolize: putting macros in AC_CONFIG_MACRO_DIRS, 'autostuff'.
libtoolize: copying file 'autostuff/libtool.m4'
libtoolize: copying file 'autostuff/ltoptions.m4'
libtoolize: copying file 'autostuff/ltsugar.m4'
libtoolize: copying file 'autostuff/ltversion.m4'
libtoolize: copying file 'autostuff/lt~obsolete.m4'
autoreconf: running: /usr/bin/autoconf --force
autoreconf: running: /usr/bin/autoheader --force
autoreconf: running: automake --add-missing --copy --force-missing
configure.ac:46: installing 'autostuff/ar-lib'
configure.ac:46: installing 'autostuff/compile'
configure.ac:67: installing 'autostuff/config.guess'
configure.ac:67: installing 'autostuff/config.sub'
configure.ac:44: installing 'autostuff/install-sh'
configure.ac:44: installing 'autostuff/missing'
Makefile.am: installing './INSTALL'
Makefile.am: installing 'autostuff/depcomp'
parallel-tests: installing 'autostuff/test-driver'
autoreconf: Leaving directory `/home/reu-actor/actor_ws/build/libserialport_catkin/libserialport-prefix/src/libserialport'
checking for a BSD-compatible install... /usr/bin/install -c
checking whether build environment is sane... yes
checking for a thread-safe mkdir -p... /usr/bin/mkdir -p
checking for gawk... no
checking for mawk... mawk
checking whether make sets $(MAKE)... yes
checking whether make supports nested variables... yes
checking whether make supports nested variables... (cached) yes
checking whether make supports the include directive... yes (GNU style)
checking for gcc... gcc
checking whether the C compiler works... yes
checking for C compiler default output file name... a.out
checking for suffix of executables... 
checking whether we are cross compiling... no
checking for suffix of object files... o
checking whether we are using the GNU C compiler... yes
checking whether gcc accepts -g... yes
checking for gcc option to accept ISO C89... none needed
checking whether gcc understands -c and -o together... yes
checking dependency style of gcc... gcc3
checking for ar... ar
checking the archiver (ar) interface... ar
checking for gcc... (cached) gcc
checking whether we are using the GNU C compiler... (cached) yes
checking whether gcc accepts -g... (cached) yes
checking for gcc option to accept ISO C89... (cached) none needed
checking whether gcc understands -c and -o together... (cached) yes
checking dependency style of gcc... (cached) gcc3
checking whether ln -s works... yes
checking build system type... x86_64-pc-linux-gnu
checking host system type... x86_64-pc-linux-gnu
checking how to print strings... printf
checking for a sed that does not truncate output... /usr/bin/sed
checking for grep that handles long lines and -e... /usr/bin/grep
checking for egrep... /usr/bin/grep -E
checking for fgrep... /usr/bin/grep -F
checking for ld used by gcc... /usr/bin/ld
checking if the linker (/usr/bin/ld) is GNU ld... yes
checking for BSD- or MS-compatible name lister (nm)... /usr/bin/nm -B
checking the name lister (/usr/bin/nm -B) interface... BSD nm
checking the maximum length of command line arguments... 1572864
checking how to convert x86_64-pc-linux-gnu file names to x86_64-pc-linux-gnu format... func_convert_file_noop
checking how to convert x86_64-pc-linux-gnu file names to toolchain format... func_convert_file_noop
checking for /usr/bin/ld option to reload object files... -r
checking for objdump... objdump
checking how to recognize dependent libraries... pass_all
checking for dlltool... no
checking how to associate runtime and link libraries... printf %s\n
checking for archiver @FILE support... @
checking for strip... strip
checking for ranlib... ranlib
checking command to parse /usr/bin/nm -B output from gcc object... ok
checking for sysroot... no
checking for a working dd... /usr/bin/dd
checking how to truncate binary pipes... /usr/bin/dd bs=4096 count=1
checking for mt... mt
checking if mt is a manifest tool... no
checking how to run the C preprocessor... gcc -E
checking for ANSI C header files... yes
checking for sys/types.h... yes
checking for sys/stat.h... yes
checking for stdlib.h... yes
checking for string.h... yes
checking for memory.h... yes
checking for strings.h... yes
checking for inttypes.h... yes
checking for stdint.h... yes
checking for unistd.h... yes
checking for dlfcn.h... yes
checking for objdir... .libs
checking if gcc supports -fno-rtti -fno-exceptions... no
checking for gcc option to produce PIC... -fPIC -DPIC
checking if gcc PIC flag -fPIC -DPIC works... yes
checking if gcc static flag -static works... yes
checking if gcc supports -c -o file.o... yes
checking if gcc supports -c -o file.o... (cached) yes
checking whether the gcc linker (/usr/bin/ld -m elf_x86_64) supports shared libraries... yes
checking whether -lc should be explicitly linked in... no
checking dynamic linker characteristics... GNU/Linux ld.so
checking how to hardcode library paths into programs... immediate
checking whether stripping libraries is possible... yes
checking if libtool supports shared libraries... yes
checking whether to build shared libraries... yes
checking whether to build static libraries... yes
checking for special C compiler options needed for large files... no
checking for _FILE_OFFSET_BITS value needed for large files... no
checking for size_t... yes
checking for struct termios2... yes
checking for struct termios.c_ispeed... no
checking for struct termios.c_ospeed... no
checking for struct termios2.c_ispeed... yes
checking for struct termios2.c_ospeed... yes
checking whether BOTHER is declared... yes
checking for struct serial_struct... yes
checking for realpath... yes
checking sys/file.h usability... yes
checking sys/file.h presence... yes
checking for sys/file.h... yes
checking for flock... yes
checking for clock_gettime... yes
checking for visibility control... attribute
checking that generated files are newer than configure... done
configure: creating ./config.status
config.status: creating Makefile
config.status: creating libserialport.pc
config.status: creating config.h
config.status: executing depfiles commands
config.status: executing libtool commands

libserialport configuration summary:

 - Package version................. 0.1.1
 - Library ABI version............. 1:0:1
 - Prefix.......................... /home/reu-actor/actor_ws/devel/.private/libserialport_catkin
 - Building on..................... x86_64-pc-linux-gnu
 - Building for.................... x86_64-pc-linux-gnu
 - Building shared / static........ yes / yes

Compile configuration:
 - C compiler...................... gcc
 - C compiler version.............. gcc (Ubuntu 9.4.0-1ubuntu1~20.04.2) 9.4.0
 - C compiler flags................ -g -O2
 - Linker flags.................... 

[ 75%] [34m[1mPerforming build step for 'libserialport'[0m
  CC       serialport.lo
  CC       timing.lo
  CC       linux.lo
  CC       linux_termios.lo
  CCLD     libserialport.la
[ 87%] [34m[1mPerforming install step for 'libserialport'[0m
 /usr/bin/mkdir -p '/home/reu-actor/actor_ws/devel/.private/libserialport_catkin/include'
 /usr/bin/mkdir -p '/home/reu-actor/actor_ws/devel/.private/libserialport_catkin/lib/pkgconfig'
 /usr/bin/mkdir -p '/home/reu-actor/actor_ws/devel/.private/libserialport_catkin/lib'
 /bin/bash ./libtool --silent  --mode=install /usr/bin/install -c   libserialport.la '/home/reu-actor/actor_ws/devel/.private/libserialport_catkin/lib'
 /usr/bin/install -c -m 644 /home/reu-actor/actor_ws/build/libserialport_catkin/libserialport-prefix/src/libserialport/libserialport.h '/home/reu-actor/actor_ws/devel/.private/libserialport_catkin/include'
 /usr/bin/install -c -m 644 libserialport.pc '/home/reu-actor/actor_ws/devel/.private/libserialport_catkin/lib/pkgconfig'
[100%] [34m[1mCompleted 'libserialport'[0m
[100%] Built target libserialport
